Post-RPSBLAST Processing Utility v0.5.1
-------------------------------------------------------
Download:
	ftp://ftp.ncbi.nlm.nih.gov/pub/mmdb/cdd/

Blast applications download:
	ftp://ftp.ncbi.nlm.nih.gov/blast/executables/blast+/LATEST/

For more information please refer to the README file
RPSBlast session 0 start...
Calculating....
End processing Query U00096.3_2701_#_2873387_#_2873992_#_-1_#_ID=1_2701;partial=00;start_type=ATG;rbs_motif=GGA/GAG/AGG;rbs_spacer=5-10bp;gc_cont=0.521
End processing Query U00096.3_2702_#_2873992_#_2875419_#_-1_#_ID=1_2702;partial=00;start_type=ATG;rbs_motif=GGA/GAG/AGG;rbs_spacer=11-12bp;gc_cont=0.547
End processing Query U00096.3_2703_#_2875421_#_2876329_#_-1_#_ID=1_2703;partial=00;start_type=ATG;rbs_motif=AGGA;rbs_spacer=5-10bp;gc_cont=0.530
End processing Query U00096.3_2704_#_2876581_#_2877618_#_1_#_ID=1_2704;partial=00;start_type=ATG;rbs_motif=AGGA;rbs_spacer=5-10bp;gc_cont=0.493
End processing Query U00096.3_2705_#_2878569_#_2878853_#_-1_#_ID=1_2705;partial=00;start_type=ATG;rbs_motif=GGAG/GAGG;rbs_spacer=5-10bp;gc_cont=0.463
End processing Query U00096.3_2706_#_2878855_#_2879772_#_-1_#_ID=1_2706;partial=00;start_type=ATG;rbs_motif=GGAG/GAGG;rbs_spacer=5-10bp;gc_cont=0.511
End processing Query U00096.3_2707_#_2879788_#_2880387_#_-1_#_ID=1_2707;partial=00;start_type=ATG;rbs_motif=AGGAG;rbs_spacer=5-10bp;gc_cont=0.455
End processing Query U00096.3_2708_#_2880374_#_2881048_#_-1_#_ID=1_2708;partial=00;start_type=ATG;rbs_motif=GGAG/GAGG;rbs_spacer=5-10bp;gc_cont=0.481
End processing Query U00096.3_2709_#_2881051_#_2882142_#_-1_#_ID=1_2709;partial=00;start_type=ATG;rbs_motif=AGGA;rbs_spacer=5-10bp;gc_cont=0.434
End processing Query U00096.3_2710_#_2882155_#_2882637_#_-1_#_ID=1_2710;partial=00;start_type=ATG;rbs_motif=AGGAG;rbs_spacer=5-10bp;gc_cont=0.460
End processing Query U00096.3_2711_#_2882630_#_2884138_#_-1_#_ID=1_2711;partial=00;start_type=ATG;rbs_motif=AGGAG;rbs_spacer=5-10bp;gc_cont=0.437
End processing Query U00096.3_2712_#_2884553_#_2887219_#_-1_#_ID=1_2712;partial=00;start_type=ATG;rbs_motif=GGAGG;rbs_spacer=5-10bp;gc_cont=0.447
End processing Query U00096.3_2713_#_2887578_#_2888312_#_-1_#_ID=1_2713;partial=00;start_type=ATG;rbs_motif=GGAG/GAGG;rbs_spacer=5-10bp;gc_cont=0.506
End processing Query U00096.3_2714_#_2888387_#_2890099_#_-1_#_ID=1_2714;partial=00;start_type=ATG;rbs_motif=GGA/GAG/AGG;rbs_spacer=5-10bp;gc_cont=0.560
End processing Query U00096.3_2715_#_2890099_#_2891898_#_-1_#_ID=1_2715;partial=00;start_type=ATG;rbs_motif=GGA/GAG/AGG;rbs_spacer=11-12bp;gc_cont=0.561
End processing Query U00096.3_2716_#_2892214_#_2892579_#_1_#_ID=1_2716;partial=00;start_type=ATG;rbs_motif=GGA/GAG/AGG;rbs_spacer=5-10bp;gc_cont=0.495
End processing Query U00096.3_2717_#_2892657_#_2893928_#_1_#_ID=1_2717;partial=00;start_type=ATG;rbs_motif=3Base/5BMM;rbs_spacer=13-15bp;gc_cont=0.553
End processing Query U00096.3_2718_#_2893919_#_2894179_#_1_#_ID=1_2718;partial=00;start_type=ATG;rbs_motif=AGGAG;rbs_spacer=5-10bp;gc_cont=0.552
End processing Query U00096.3_2719_#_2894196_#_2894771_#_1_#_ID=1_2719;partial=00;start_type=ATG;rbs_motif=AGGA;rbs_spacer=5-10bp;gc_cont=0.465
End processing Query U00096.3_2720_#_2894919_#_2895779_#_-1_#_ID=1_2720;partial=00;start_type=ATG;rbs_motif=AGGA;rbs_spacer=5-10bp;gc_cont=0.559
End processing Query U00096.3_2721_#_2895776_#_2896555_#_-1_#_ID=1_2721;partial=00;start_type=ATG;rbs_motif=AGGAG;rbs_spacer=5-10bp;gc_cont=0.556
End processing Query U00096.3_2722_#_2896533_#_2897942_#_-1_#_ID=1_2722;partial=00;start_type=ATG;rbs_motif=GGA/GAG/AGG;rbs_spacer=11-12bp;gc_cont=0.533
End processing Query U00096.3_2723_#_2897964_#_2899418_#_-1_#_ID=1_2723;partial=00;start_type=ATG;rbs_motif=AGGA;rbs_spacer=5-10bp;gc_cont=0.506
End processing Query U00096.3_2724_#_2899488_#_2900273_#_-1_#_ID=1_2724;partial=00;start_type=ATG;rbs_motif=GGAG/GAGG;rbs_spacer=5-10bp;gc_cont=0.455
End processing Query U00096.3_2725_#_2900592_#_2901869_#_1_#_ID=1_2725;partial=00;start_type=ATG;rbs_motif=GGA/GAG/AGG;rbs_spacer=5-10bp;gc_cont=0.497
End processing Query U00096.3_2726_#_2901896_#_2903374_#_1_#_ID=1_2726;partial=00;start_type=ATG;rbs_motif=AGGAG;rbs_spacer=5-10bp;gc_cont=0.490
End processing Query U00096.3_2727_#_2904747_#_2905418_#_-1_#_ID=1_2727;partial=00;start_type=ATG;rbs_motif=GGA/GAG/AGG;rbs_spacer=5-10bp;gc_cont=0.515
End processing Query U00096.3_2728_#_2905557_#_2905697_#_1_#_ID=1_2728;partial=00;start_type=ATG;rbs_motif=GGAG/GAGG;rbs_spacer=5-10bp;gc_cont=0.241
End processing Query U00096.3_2729_#_2905711_#_2906583_#_1_#_ID=1_2729;partial=00;start_type=ATG;rbs_motif=GGA/GAG/AGG;rbs_spacer=5-10bp;gc_cont=0.411
End processing Query U00096.3_2730_#_2906643_#_2907941_#_-1_#_ID=1_2730;partial=00;start_type=ATG;rbs_motif=GGAG/GAGG;rbs_spacer=5-10bp;gc_cont=0.503
End processing Query U00096.3_2731_#_2908029_#_2909666_#_-1_#_ID=1_2731;partial=00;start_type=ATG;rbs_motif=GGA/GAG/AGG;rbs_spacer=5-10bp;gc_cont=0.520
RPSBlast session 1 done...
RPSBlast session 1 start...
Calculating....
End processing Query U00096.3_2732_#_2909894_#_2910685_#_-1_#_ID=1_2732;partial=00;start_type=ATG;rbs_motif=AGGA;rbs_spacer=5-10bp;gc_cont=0.508
End processing Query U00096.3_2733_#_2910756_#_2911091_#_-1_#_ID=1_2733;partial=00;start_type=ATG;rbs_motif=AGGA;rbs_spacer=5-10bp;gc_cont=0.455
End processing Query U00096.3_2734_#_2911091_#_2911339_#_-1_#_ID=1_2734;partial=00;start_type=ATG;rbs_motif=GGAG/GAGG;rbs_spacer=5-10bp;gc_cont=0.478
End processing Query U00096.3_2735_#_2911417_#_2913651_#_-1_#_ID=1_2735;partial=00;start_type=ATG;rbs_motif=AGGAG;rbs_spacer=5-10bp;gc_cont=0.538
End processing Query U00096.3_2736_#_2913699_#_2915000_#_-1_#_ID=1_2736;partial=00;start_type=ATG;rbs_motif=GGA/GAG/AGG;rbs_spacer=11-12bp;gc_cont=0.515
End processing Query U00096.3_2737_#_2915057_#_2917813_#_1_#_ID=1_2737;partial=00;start_type=ATG;rbs_motif=GGA/GAG/AGG;rbs_spacer=5-10bp;gc_cont=0.498
End processing Query U00096.3_2738_#_2918045_#_2919385_#_-1_#_ID=1_2738;partial=00;start_type=ATG;rbs_motif=AGGA;rbs_spacer=5-10bp;gc_cont=0.532
End processing Query U00096.3_2739_#_2919406_#_2920746_#_-1_#_ID=1_2739;partial=00;start_type=ATG;rbs_motif=None;rbs_spacer=None;gc_cont=0.541
End processing Query U00096.3_2740_#_2920748_#_2922100_#_-1_#_ID=1_2740;partial=00;start_type=ATG;rbs_motif=AGGAG;rbs_spacer=5-10bp;gc_cont=0.523
End processing Query U00096.3_2741_#_2922535_#_2922984_#_-1_#_ID=1_2741;partial=00;start_type=ATG;rbs_motif=GGAG/GAGG;rbs_spacer=5-10bp;gc_cont=0.524
End processing Query U00096.3_2742_#_2923002_#_2923784_#_-1_#_ID=1_2742;partial=00;start_type=ATG;rbs_motif=GGA/GAG/AGG;rbs_spacer=11-12bp;gc_cont=0.538
End processing Query U00096.3_2743_#_2923784_#_2924113_#_-1_#_ID=1_2743;partial=00;start_type=ATG;rbs_motif=GGAG/GAGG;rbs_spacer=5-10bp;gc_cont=0.518
End processing Query U00096.3_2744_#_2924735_#_2925280_#_-1_#_ID=1_2744;partial=00;start_type=GTG;rbs_motif=GGA/GAG/AGG;rbs_spacer=5-10bp;gc_cont=0.476
End processing Query U00096.3_2745_#_2925348_#_2926196_#_1_#_ID=1_2745;partial=00;start_type=ATG;rbs_motif=None;rbs_spacer=None;gc_cont=0.489
End processing Query U00096.3_2746_#_2926308_#_2927672_#_1_#_ID=1_2746;partial=00;start_type=TTG;rbs_motif=AGGAG;rbs_spacer=5-10bp;gc_cont=0.514
End processing Query U00096.3_2747_#_2928229_#_2929518_#_1_#_ID=1_2747;partial=00;start_type=ATG;rbs_motif=AGGAG;rbs_spacer=5-10bp;gc_cont=0.523
End processing Query U00096.3_2748_#_2929576_#_2930943_#_1_#_ID=1_2748;partial=00;start_type=ATG;rbs_motif=None;rbs_spacer=None;gc_cont=0.550
End processing Query U00096.3_2749_#_2931055_#_2931810_#_1_#_ID=1_2749;partial=00;start_type=GTG;rbs_motif=AGxAGG/AGGxGG;rbs_spacer=5-10bp;gc_cont=0.528
End processing Query U00096.3_2750_#_2931865_#_2933013_#_-1_#_ID=1_2750;partial=00;start_type=ATG;rbs_motif=AGGAG;rbs_spacer=5-10bp;gc_cont=0.534
End processing Query U00096.3_2751_#_2933041_#_2933688_#_-1_#_ID=1_2751;partial=00;start_type=ATG;rbs_motif=GGAG/GAGG;rbs_spacer=5-10bp;gc_cont=0.489
End processing Query U00096.3_2752_#_2934235_#_2935551_#_1_#_ID=1_2752;partial=00;start_type=ATG;rbs_motif=GGAG/GAGG;rbs_spacer=5-10bp;gc_cont=0.477
End processing Query U00096.3_2753_#_2935584_#_2937359_#_1_#_ID=1_2753;partial=00;start_type=ATG;rbs_motif=GGAG/GAGG;rbs_spacer=5-10bp;gc_cont=0.545
End processing Query U00096.3_2754_#_2937468_#_2938886_#_1_#_ID=1_2754;partial=00;start_type=ATG;rbs_motif=AGGAG;rbs_spacer=5-10bp;gc_cont=0.511
End processing Query U00096.3_2755_#_2938888_#_2939310_#_1_#_ID=1_2755;partial=00;start_type=ATG;rbs_motif=GGAG/GAGG;rbs_spacer=5-10bp;gc_cont=0.489
End processing Query U00096.3_2756_#_2939368_#_2940099_#_1_#_ID=1_2756;partial=00;start_type=ATG;rbs_motif=None;rbs_spacer=None;gc_cont=0.482
End processing Query U00096.3_2757_#_2940143_#_2941243_#_-1_#_ID=1_2757;partial=00;start_type=ATG;rbs_motif=GGA/GAG/AGG;rbs_spacer=5-10bp;gc_cont=0.522
End processing Query U00096.3_2758_#_2941236_#_2941631_#_-1_#_ID=1_2758;partial=00;start_type=ATG;rbs_motif=GGA/GAG/AGG;rbs_spacer=5-10bp;gc_cont=0.551
End processing Query U00096.3_2759_#_2941650_#_2942567_#_-1_#_ID=1_2759;partial=00;start_type=ATG;rbs_motif=None;rbs_spacer=None;gc_cont=0.493
End processing Query U00096.3_2760_#_2942918_#_2943145_#_-1_#_ID=1_2760;partial=00;start_type=ATG;rbs_motif=AGGAG;rbs_spacer=5-10bp;gc_cont=0.465
End processing Query U00096.3_2761_#_2943337_#_2944542_#_1_#_ID=1_2761;partial=00;start_type=ATG;rbs_motif=GGAG/GAGG;rbs_spacer=5-10bp;gc_cont=0.559
RPSBlast session 2 done...
RPSBlast session 2 start...
Calculating....
End processing Query U00096.3_2762_#_2944542_#_2944985_#_1_#_ID=1_2762;partial=00;start_type=ATG;rbs_motif=GGxGG;rbs_spacer=3-4bp;gc_cont=0.545
End processing Query U00096.3_2763_#_2945036_#_2945842_#_-1_#_ID=1_2763;partial=00;start_type=ATG;rbs_motif=GGA/GAG/AGG;rbs_spacer=5-10bp;gc_cont=0.546
End processing Query U00096.3_2764_#_2946081_#_2947178_#_-1_#_ID=1_2764;partial=00;start_type=ATG;rbs_motif=AGxAG;rbs_spacer=5-10bp;gc_cont=0.527
End processing Query U00096.3_2765_#_2947757_#_2949010_#_-1_#_ID=1_2765;partial=00;start_type=ATG;rbs_motif=GGA/GAG/AGG;rbs_spacer=5-10bp;gc_cont=0.536
End processing Query U00096.3_2766_#_2949242_#_2950573_#_1_#_ID=1_2766;partial=00;start_type=GTG;rbs_motif=GGAG/GAGG;rbs_spacer=5-10bp;gc_cont=0.526
End processing Query U00096.3_2767_#_2950635_#_2952461_#_-1_#_ID=1_2767;partial=00;start_type=ATG;rbs_motif=AGGAGG;rbs_spacer=3-4bp;gc_cont=0.553
End processing Query U00096.3_2768_#_2952461_#_2956003_#_-1_#_ID=1_2768;partial=00;start_type=ATG;rbs_motif=GGA/GAG/AGG;rbs_spacer=5-10bp;gc_cont=0.545
End processing Query U00096.3_2769_#_2955996_#_2958884_#_-1_#_ID=1_2769;partial=00;start_type=ATG;rbs_motif=GGAG/GAGG;rbs_spacer=5-10bp;gc_cont=0.512
End processing Query U00096.3_2770_#_2959060_#_2962428_#_-1_#_ID=1_2770;partial=00;start_type=ATG;rbs_motif=AGGAG;rbs_spacer=5-10bp;gc_cont=0.536
End processing Query U00096.3_2771_#_2962441_#_2962764_#_-1_#_ID=1_2771;partial=00;start_type=ATG;rbs_motif=GGAG/GAGG;rbs_spacer=5-10bp;gc_cont=0.546
End processing Query U00096.3_2772_#_2962749_#_2963156_#_-1_#_ID=1_2772;partial=00;start_type=GTG;rbs_motif=AGGA;rbs_spacer=5-10bp;gc_cont=0.525
End processing Query U00096.3_2773_#_2963153_#_2963716_#_-1_#_ID=1_2773;partial=00;start_type=ATG;rbs_motif=AGGAG;rbs_spacer=5-10bp;gc_cont=0.525
End processing Query U00096.3_2774_#_2963707_#_2964177_#_-1_#_ID=1_2774;partial=00;start_type=ATG;rbs_motif=None;rbs_spacer=None;gc_cont=0.544
End processing Query U00096.3_2775_#_2964361_#_2965155_#_-1_#_ID=1_2775;partial=00;start_type=ATG;rbs_motif=GGA/GAG/AGG;rbs_spacer=5-10bp;gc_cont=0.512
End processing Query U00096.3_2776_#_2965162_#_2966037_#_-1_#_ID=1_2776;partial=00;start_type=ATG;rbs_motif=None;rbs_spacer=None;gc_cont=0.527
End processing Query U00096.3_2777_#_2966188_#_2968434_#_-1_#_ID=1_2777;partial=00;start_type=ATG;rbs_motif=None;rbs_spacer=None;gc_cont=0.539
End processing Query U00096.3_2778_#_2968447_#_2968977_#_-1_#_ID=1_2778;partial=00;start_type=GTG;rbs_motif=GGAG/GAGG;rbs_spacer=5-10bp;gc_cont=0.495
End processing Query U00096.3_2779_#_2969330_#_2969476_#_-1_#_ID=1_2779;partial=00;start_type=ATG;rbs_motif=AGGA;rbs_spacer=5-10bp;gc_cont=0.429
End processing Query U00096.3_2780_#_2969662_#_2970351_#_1_#_ID=1_2780;partial=00;start_type=ATG;rbs_motif=GGA/GAG/AGG;rbs_spacer=5-10bp;gc_cont=0.536
End processing Query U00096.3_2781_#_2970420_#_2971133_#_1_#_ID=1_2781;partial=00;start_type=ATG;rbs_motif=GGA/GAG/AGG;rbs_spacer=5-10bp;gc_cont=0.499
End processing Query U00096.3_2782_#_2971271_#_2971489_#_1_#_ID=1_2782;partial=00;start_type=ATG;rbs_motif=GGAG/GAGG;rbs_spacer=5-10bp;gc_cont=0.434
End processing Query U00096.3_2783_#_2971597_#_2972637_#_1_#_ID=1_2783;partial=00;start_type=ATG;rbs_motif=AGGA;rbs_spacer=5-10bp;gc_cont=0.544
End processing Query U00096.3_2784_#_2972669_#_2973862_#_-1_#_ID=1_2784;partial=00;start_type=ATG;rbs_motif=GGA/GAG/AGG;rbs_spacer=5-10bp;gc_cont=0.557
End processing Query U00096.3_2785_#_2973855_#_2976014_#_-1_#_ID=1_2785;partial=00;start_type=ATG;rbs_motif=GGAG/GAGG;rbs_spacer=5-10bp;gc_cont=0.526
End processing Query U00096.3_2786_#_2976599_#_2977630_#_1_#_ID=1_2786;partial=00;start_type=ATG;rbs_motif=GGA/GAG/AGG;rbs_spacer=5-10bp;gc_cont=0.527
End processing Query U00096.3_2787_#_2977637_#_2978899_#_-1_#_ID=1_2787;partial=00;start_type=ATG;rbs_motif=GGAG/GAGG;rbs_spacer=5-10bp;gc_cont=0.530
RPSBlast session 3 done...
RPSBlast session 3 start...
Calculating....
End processing Query U00096.3_2788_#_2979021_#_2979956_#_1_#_ID=1_2788;partial=00;start_type=ATG;rbs_motif=GGA/GAG/AGG;rbs_spacer=5-10bp;gc_cont=0.534
End processing Query U00096.3_2789_#_2979943_#_2980635_#_-1_#_ID=1_2789;partial=00;start_type=ATG;rbs_motif=AGGAG;rbs_spacer=5-10bp;gc_cont=0.508
End processing Query U00096.3_2790_#_2980764_#_2982182_#_-1_#_ID=1_2790;partial=00;start_type=ATG;rbs_motif=GGA/GAG/AGG;rbs_spacer=5-10bp;gc_cont=0.511
End processing Query U00096.3_2791_#_2982497_#_2983258_#_-1_#_ID=1_2791;partial=00;start_type=ATG;rbs_motif=GGA/GAG/AGG;rbs_spacer=5-10bp;gc_cont=0.518
End processing Query U00096.3_2792_#_2983288_#_2984124_#_-1_#_ID=1_2792;partial=00;start_type=GTG;rbs_motif=GGAGG;rbs_spacer=5-10bp;gc_cont=0.493
End processing Query U00096.3_2793_#_2984411_#_2985592_#_-1_#_ID=1_2793;partial=00;start_type=ATG;rbs_motif=GGAG/GAGG;rbs_spacer=5-10bp;gc_cont=0.536
End processing Query U00096.3_2794_#_2985847_#_2987076_#_1_#_ID=1_2794;partial=00;start_type=ATG;rbs_motif=None;rbs_spacer=None;gc_cont=0.445
End processing Query U00096.3_2795_#_2987536_#_2988168_#_1_#_ID=1_2795;partial=00;start_type=ATG;rbs_motif=GGAGG;rbs_spacer=5-10bp;gc_cont=0.374
End processing Query U00096.3_2796_#_2988250_#_2988381_#_-1_#_ID=1_2796;partial=00;start_type=ATG;rbs_motif=GGAG/GAGG;rbs_spacer=5-10bp;gc_cont=0.280
End processing Query U00096.3_2797_#_2988502_#_2989311_#_1_#_ID=1_2797;partial=00;start_type=ATG;rbs_motif=None;rbs_spacer=None;gc_cont=0.396
End processing Query U00096.3_2798_#_2989304_#_2989786_#_1_#_ID=1_2798;partial=00;start_type=GTG;rbs_motif=GGAG/GAGG;rbs_spacer=5-10bp;gc_cont=0.317
End processing Query U00096.3_2799_#_2989819_#_2989959_#_-1_#_ID=1_2799;partial=00;start_type=ATG;rbs_motif=GGA/GAG/AGG;rbs_spacer=5-10bp;gc_cont=0.298
End processing Query U00096.3_2800_#_2989935_#_2990360_#_-1_#_ID=1_2800;partial=00;start_type=ATG;rbs_motif=GGAG/GAGG;rbs_spacer=5-10bp;gc_cont=0.329
End processing Query U00096.3_2801_#_2990554_#_2991000_#_1_#_ID=1_2801;partial=00;start_type=ATG;rbs_motif=GGA/GAG/AGG;rbs_spacer=5-10bp;gc_cont=0.324
End processing Query U00096.3_2802_#_2991268_#_2991759_#_1_#_ID=1_2802;partial=00;start_type=ATG;rbs_motif=GGAG/GAGG;rbs_spacer=5-10bp;gc_cont=0.327
End processing Query U00096.3_2803_#_2992094_#_2993470_#_1_#_ID=1_2803;partial=00;start_type=ATG;rbs_motif=GGAG/GAGG;rbs_spacer=5-10bp;gc_cont=0.347
End processing Query U00096.3_2804_#_2993638_#_2993856_#_1_#_ID=1_2804;partial=00;start_type=ATG;rbs_motif=GGA/GAG/AGG;rbs_spacer=5-10bp;gc_cont=0.338
End processing Query U00096.3_2805_#_2994041_#_2994415_#_1_#_ID=1_2805;partial=00;start_type=ATG;rbs_motif=AGxAGG/AGGxGG;rbs_spacer=3-4bp;gc_cont=0.333
End processing Query U00096.3_2806_#_2994460_#_2994903_#_-1_#_ID=1_2806;partial=00;start_type=ATG;rbs_motif=AGxAGG/AGGxGG;rbs_spacer=3-4bp;gc_cont=0.358
End processing Query U00096.3_2807_#_2994937_#_2995092_#_-1_#_ID=1_2807;partial=00;start_type=ATG;rbs_motif=AGGA;rbs_spacer=5-10bp;gc_cont=0.353
End processing Query U00096.3_2808_#_2995314_#_2995745_#_-1_#_ID=1_2808;partial=00;start_type=ATG;rbs_motif=None;rbs_spacer=None;gc_cont=0.319
End processing Query U00096.3_2809_#_2995748_#_2996020_#_-1_#_ID=1_2809;partial=00;start_type=ATG;rbs_motif=GGA/GAG/AGG;rbs_spacer=11-12bp;gc_cont=0.297
End processing Query U00096.3_2810_#_2996372_#_2997277_#_-1_#_ID=1_2810;partial=00;start_type=GTG;rbs_motif=GGA/GAG/AGG;rbs_spacer=11-12bp;gc_cont=0.551
End processing Query U00096.3_2811_#_2997235_#_2997600_#_-1_#_ID=1_2811;partial=00;start_type=ATG;rbs_motif=GGAG/GAGG;rbs_spacer=5-10bp;gc_cont=0.530
End processing Query U00096.3_2812_#_2998034_#_2998828_#_-1_#_ID=1_2812;partial=00;start_type=ATG;rbs_motif=GGA/GAG/AGG;rbs_spacer=5-10bp;gc_cont=0.425
End processing Query U00096.3_2813_#_2999136_#_2999891_#_-1_#_ID=1_2813;partial=00;start_type=TTG;rbs_motif=GGAG/GAGG;rbs_spacer=5-10bp;gc_cont=0.507
End processing Query U00096.3_2814_#_3000306_#_3002603_#_1_#_ID=1_2814;partial=00;start_type=ATG;rbs_motif=GGAG/GAGG;rbs_spacer=5-10bp;gc_cont=0.531
End processing Query U00096.3_2815_#_3002614_#_3003492_#_1_#_ID=1_2815;partial=00;start_type=ATG;rbs_motif=GGAG/GAGG;rbs_spacer=5-10bp;gc_cont=0.537
End processing Query U00096.3_2816_#_3003489_#_3003968_#_1_#_ID=1_2816;partial=00;start_type=ATG;rbs_motif=GGA/GAG/AGG;rbs_spacer=5-10bp;gc_cont=0.521
End processing Query U00096.3_2817_#_3004008_#_3005786_#_-1_#_ID=1_2817;partial=00;start_type=ATG;rbs_motif=GGA/GAG/AGG;rbs_spacer=5-10bp;gc_cont=0.458
End processing Query U00096.3_2818_#_3006265_#_3007452_#_1_#_ID=1_2818;partial=00;start_type=ATG;rbs_motif=GGA/GAG/AGG;rbs_spacer=5-10bp;gc_cont=0.500
End processing Query U00096.3_2819_#_3007510_#_3008706_#_1_#_ID=1_2819;partial=00;start_type=ATG;rbs_motif=AGGA;rbs_spacer=5-10bp;gc_cont=0.536
End processing Query U00096.3_2820_#_3008764_#_3009975_#_1_#_ID=1_2820;partial=00;start_type=ATG;rbs_motif=GGAG/GAGG;rbs_spacer=5-10bp;gc_cont=0.515
End processing Query U00096.3_2821_#_3010028_#_3011413_#_1_#_ID=1_2821;partial=00;start_type=ATG;rbs_motif=GGAG/GAGG;rbs_spacer=5-10bp;gc_cont=0.528
End processing Query U00096.3_2822_#_3011461_#_3012393_#_1_#_ID=1_2822;partial=00;start_type=ATG;rbs_motif=GGA/GAG/AGG;rbs_spacer=5-10bp;gc_cont=0.491
End processing Query U00096.3_2823_#_3012614_#_3014239_#_-1_#_ID=1_2823;partial=00;start_type=ATG;rbs_motif=GGAG/GAGG;rbs_spacer=5-10bp;gc_cont=0.522
End processing Query U00096.3_2824_#_3014287_#_3015057_#_-1_#_ID=1_2824;partial=00;start_type=GTG;rbs_motif=AGGA/GGAG/GAGG;rbs_spacer=11-12bp;gc_cont=0.506
RPSBlast session 4 done...
RPSBlast session 4 start...
Calculating....
End processing Query U00096.3_2825_#_3015160_#_3015738_#_1_#_ID=1_2825;partial=00;start_type=ATG;rbs_motif=GGA/GAG/AGG;rbs_spacer=5-10bp;gc_cont=0.432
End processing Query U00096.3_2826_#_3016060_#_3019158_#_1_#_ID=1_2826;partial=00;start_type=ATG;rbs_motif=AGGAG;rbs_spacer=5-10bp;gc_cont=0.522
End processing Query U00096.3_2827_#_3019161_#_3020489_#_1_#_ID=1_2827;partial=00;start_type=ATG;rbs_motif=GGAGG;rbs_spacer=5-10bp;gc_cont=0.527
End processing Query U00096.3_2828_#_3020540_#_3021319_#_1_#_ID=1_2828;partial=00;start_type=ATG;rbs_motif=AGGA;rbs_spacer=5-10bp;gc_cont=0.545
End processing Query U00096.3_2829_#_3021316_#_3024186_#_1_#_ID=1_2829;partial=00;start_type=ATG;rbs_motif=GGAGG;rbs_spacer=5-10bp;gc_cont=0.529
End processing Query U00096.3_2830_#_3024351_#_3025751_#_1_#_ID=1_2830;partial=00;start_type=ATG;rbs_motif=AGGAG;rbs_spacer=5-10bp;gc_cont=0.489
End processing Query U00096.3_2831_#_3025769_#_3027085_#_1_#_ID=1_2831;partial=00;start_type=ATG;rbs_motif=AGGAG;rbs_spacer=5-10bp;gc_cont=0.490
End processing Query U00096.3_2832_#_3027121_#_3028488_#_1_#_ID=1_2832;partial=00;start_type=ATG;rbs_motif=GGAG/GAGG;rbs_spacer=5-10bp;gc_cont=0.526
End processing Query U00096.3_2833_#_3028524_#_3029012_#_-1_#_ID=1_2833;partial=00;start_type=ATG;rbs_motif=GGA/GAG/AGG;rbs_spacer=5-10bp;gc_cont=0.548
End processing Query U00096.3_2834_#_3029012_#_3030931_#_-1_#_ID=1_2834;partial=00;start_type=ATG;rbs_motif=GGA/GAG/AGG;rbs_spacer=5-10bp;gc_cont=0.528
End processing Query U00096.3_2835_#_3031367_#_3032815_#_1_#_ID=1_2835;partial=00;start_type=ATG;rbs_motif=AGGAG;rbs_spacer=5-10bp;gc_cont=0.490
End processing Query U00096.3_2836_#_3032817_#_3032942_#_1_#_ID=1_2836;partial=00;start_type=ATG;rbs_motif=GGAG/GAGG;rbs_spacer=5-10bp;gc_cont=0.341
End processing Query U00096.3_2837_#_3033065_#_3033613_#_1_#_ID=1_2837;partial=00;start_type=ATG;rbs_motif=GGA/GAG/AGG;rbs_spacer=5-10bp;gc_cont=0.501
End processing Query U00096.3_2838_#_3033657_#_3035174_#_-1_#_ID=1_2838;partial=00;start_type=ATG;rbs_motif=GGAG/GAGG;rbs_spacer=5-10bp;gc_cont=0.532
End processing Query U00096.3_2839_#_3035184_#_3036065_#_-1_#_ID=1_2839;partial=00;start_type=ATG;rbs_motif=None;rbs_spacer=None;gc_cont=0.535
End processing Query U00096.3_2840_#_3036373_#_3038106_#_-1_#_ID=1_2840;partial=00;start_type=GTG;rbs_motif=None;rbs_spacer=None;gc_cont=0.567
End processing Query U00096.3_2841_#_3038112_#_3038822_#_-1_#_ID=1_2841;partial=00;start_type=ATG;rbs_motif=GGA/GAG/AGG;rbs_spacer=5-10bp;gc_cont=0.484
End processing Query U00096.3_2842_#_3038847_#_3039743_#_-1_#_ID=1_2842;partial=00;start_type=GTG;rbs_motif=GGA/GAG/AGG;rbs_spacer=5-10bp;gc_cont=0.528
End processing Query U00096.3_2843_#_3039855_#_3040376_#_1_#_ID=1_2843;partial=00;start_type=ATG;rbs_motif=GGA/GAG/AGG;rbs_spacer=11-12bp;gc_cont=0.513
End processing Query U00096.3_2844_#_3040416_#_3040823_#_-1_#_ID=1_2844;partial=00;start_type=GTG;rbs_motif=GGA/GAG/AGG;rbs_spacer=5-10bp;gc_cont=0.534
End processing Query U00096.3_2845_#_3040804_#_3041070_#_-1_#_ID=1_2845;partial=00;start_type=ATG;rbs_motif=AGGA;rbs_spacer=5-10bp;gc_cont=0.494
End processing Query U00096.3_2846_#_3041313_#_3042293_#_1_#_ID=1_2846;partial=00;start_type=ATG;rbs_motif=AGGA;rbs_spacer=5-10bp;gc_cont=0.539
End processing Query U00096.3_2847_#_3042489_#_3043148_#_-1_#_ID=1_2847;partial=00;start_type=ATG;rbs_motif=GGAG/GAGG;rbs_spacer=5-10bp;gc_cont=0.517
End processing Query U00096.3_2848_#_3043312_#_3043623_#_-1_#_ID=1_2848;partial=00;start_type=ATG;rbs_motif=AGGA;rbs_spacer=5-10bp;gc_cont=0.442
End processing Query U00096.3_2849_#_3043668_#_3045101_#_1_#_ID=1_2849;partial=00;start_type=GTG;rbs_motif=GGAG/GAGG;rbs_spacer=5-10bp;gc_cont=0.509
End processing Query U00096.3_2850_#_3045158_#_3045901_#_-1_#_ID=1_2850;partial=00;start_type=ATG;rbs_motif=GGA/GAG/AGG;rbs_spacer=5-10bp;gc_cont=0.550
End processing Query U00096.3_2851_#_3046168_#_3049041_#_-1_#_ID=1_2851;partial=00;start_type=ATG;rbs_motif=AGGA;rbs_spacer=5-10bp;gc_cont=0.559
RPSBlast session 5 done...
RPSBlast session 5 start...
Calculating....
End processing Query U00096.3_2852_#_3049160_#_3049549_#_-1_#_ID=1_2852;partial=00;start_type=ATG;rbs_motif=GGAG/GAGG;rbs_spacer=5-10bp;gc_cont=0.526
End processing Query U00096.3_2853_#_3049573_#_3050667_#_-1_#_ID=1_2853;partial=00;start_type=ATG;rbs_motif=GGAG/GAGG;rbs_spacer=5-10bp;gc_cont=0.545
End processing Query U00096.3_2854_#_3051115_#_3052317_#_-1_#_ID=1_2854;partial=00;start_type=ATG;rbs_motif=AGGA;rbs_spacer=5-10bp;gc_cont=0.549
End processing Query U00096.3_2855_#_3052340_#_3053518_#_-1_#_ID=1_2855;partial=00;start_type=ATG;rbs_motif=GGA/GAG/AGG;rbs_spacer=5-10bp;gc_cont=0.595
End processing Query U00096.3_2856_#_3053515_#_3054840_#_-1_#_ID=1_2856;partial=00;start_type=ATG;rbs_motif=AGGAG;rbs_spacer=5-10bp;gc_cont=0.535
End processing Query U00096.3_2857_#_3054866_#_3055444_#_-1_#_ID=1_2857;partial=00;start_type=ATG;rbs_motif=None;rbs_spacer=None;gc_cont=0.511
End processing Query U00096.3_2858_#_3055612_#_3055941_#_1_#_ID=1_2858;partial=00;start_type=ATG;rbs_motif=AGGA;rbs_spacer=5-10bp;gc_cont=0.467
End processing Query U00096.3_2859_#_3056187_#_3056789_#_1_#_ID=1_2859;partial=00;start_type=ATG;rbs_motif=None;rbs_spacer=None;gc_cont=0.514
End processing Query U00096.3_2860_#_3057178_#_3058410_#_-1_#_ID=1_2860;partial=00;start_type=ATG;rbs_motif=AGGA;rbs_spacer=5-10bp;gc_cont=0.529
End processing Query U00096.3_2861_#_3058666_#_3059325_#_-1_#_ID=1_2861;partial=00;start_type=ATG;rbs_motif=GGA/GAG/AGG;rbs_spacer=5-10bp;gc_cont=0.520
End processing Query U00096.3_2862_#_3059381_#_3059611_#_-1_#_ID=1_2862;partial=00;start_type=ATG;rbs_motif=GGA/GAG/AGG;rbs_spacer=5-10bp;gc_cont=0.545
End processing Query U00096.3_2863_#_3059753_#_3060646_#_1_#_ID=1_2863;partial=00;start_type=ATG;rbs_motif=AGGAG/GGAGG;rbs_spacer=11-12bp;gc_cont=0.544
End processing Query U00096.3_2864_#_3060850_#_3062994_#_1_#_ID=1_2864;partial=00;start_type=ATG;rbs_motif=GGAG/GAGG;rbs_spacer=5-10bp;gc_cont=0.550
End processing Query U00096.3_2865_#_3062987_#_3063982_#_1_#_ID=1_2865;partial=00;start_type=ATG;rbs_motif=None;rbs_spacer=None;gc_cont=0.539
End processing Query U00096.3_2866_#_3063993_#_3064778_#_1_#_ID=1_2866;partial=00;start_type=ATG;rbs_motif=AGGA;rbs_spacer=5-10bp;gc_cont=0.494
End processing Query U00096.3_2867_#_3064802_#_3066280_#_1_#_ID=1_2867;partial=00;start_type=ATG;rbs_motif=AGGAG;rbs_spacer=5-10bp;gc_cont=0.531
End processing Query U00096.3_2868_#_3066277_#_3067173_#_-1_#_ID=1_2868;partial=00;start_type=ATG;rbs_motif=GGA/GAG/AGG;rbs_spacer=5-10bp;gc_cont=0.448
End processing Query U00096.3_2869_#_3067340_#_3068080_#_-1_#_ID=1_2869;partial=00;start_type=GTG;rbs_motif=GGAG/GAGG;rbs_spacer=5-10bp;gc_cont=0.528
End processing Query U00096.3_2870_#_3068173_#_3068808_#_-1_#_ID=1_2870;partial=00;start_type=GTG;rbs_motif=GGA/GAG/AGG;rbs_spacer=5-10bp;gc_cont=0.508
End processing Query U00096.3_2871_#_3068947_#_3069807_#_-1_#_ID=1_2871;partial=00;start_type=ATG;rbs_motif=AGGA;rbs_spacer=5-10bp;gc_cont=0.498
End processing Query U00096.3_2872_#_3070165_#_3071244_#_-1_#_ID=1_2872;partial=00;start_type=ATG;rbs_motif=AGGA;rbs_spacer=5-10bp;gc_cont=0.511
End processing Query U00096.3_2873_#_3071459_#_3072622_#_-1_#_ID=1_2873;partial=00;start_type=ATG;rbs_motif=GGAG/GAGG;rbs_spacer=5-10bp;gc_cont=0.524
End processing Query U00096.3_2874_#_3072672_#_3073691_#_-1_#_ID=1_2874;partial=00;start_type=ATG;rbs_motif=AGGA;rbs_spacer=5-10bp;gc_cont=0.514
End processing Query U00096.3_2875_#_3073976_#_3074689_#_-1_#_ID=1_2875;partial=00;start_type=GTG;rbs_motif=AGGA;rbs_spacer=5-10bp;gc_cont=0.503
End processing Query U00096.3_2876_#_3074686_#_3075195_#_-1_#_ID=1_2876;partial=00;start_type=ATG;rbs_motif=GGA/GAG/AGG;rbs_spacer=5-10bp;gc_cont=0.478
End processing Query U00096.3_2877_#_3075217_#_3076182_#_-1_#_ID=1_2877;partial=00;start_type=ATG;rbs_motif=GGAGG;rbs_spacer=5-10bp;gc_cont=0.567
End processing Query U00096.3_2878_#_3076179_#_3077456_#_-1_#_ID=1_2878;partial=00;start_type=ATG;rbs_motif=GGAG/GAGG;rbs_spacer=5-10bp;gc_cont=0.509
End processing Query U00096.3_2879_#_3077471_#_3078859_#_-1_#_ID=1_2879;partial=00;start_type=ATG;rbs_motif=AGGA;rbs_spacer=5-10bp;gc_cont=0.497
End processing Query U00096.3_2880_#_3078887_#_3079330_#_-1_#_ID=1_2880;partial=00;start_type=ATG;rbs_motif=AGGA;rbs_spacer=5-10bp;gc_cont=0.421
End processing Query U00096.3_2881_#_3079644_#_3081635_#_-1_#_ID=1_2881;partial=00;start_type=ATG;rbs_motif=GGAG/GAGG;rbs_spacer=5-10bp;gc_cont=0.557
End processing Query U00096.3_2882_#_3081913_#_3082671_#_1_#_ID=1_2882;partial=00;start_type=ATG;rbs_motif=GGA/GAG/AGG;rbs_spacer=5-10bp;gc_cont=0.515
End processing Query U00096.3_2883_#_3082877_#_3083797_#_-1_#_ID=1_2883;partial=00;start_type=ATG;rbs_motif=AGGAG;rbs_spacer=5-10bp;gc_cont=0.547
RPSBlast session 6 done...
RPSBlast session 6 start...
Calculating....
End processing Query U00096.3_2884_#_3083935_#_3085911_#_-1_#_ID=1_2884;partial=00;start_type=ATG;rbs_motif=GGAG/GAGG;rbs_spacer=5-10bp;gc_cont=0.543
End processing Query U00096.3_2885_#_3086399_#_3086650_#_-1_#_ID=1_2885;partial=00;start_type=GTG;rbs_motif=GGA/GAG/AGG;rbs_spacer=5-10bp;gc_cont=0.429
End processing Query U00096.3_2886_#_3086706_#_3087860_#_1_#_ID=1_2886;partial=00;start_type=ATG;rbs_motif=GGA/GAG/AGG;rbs_spacer=11-12bp;gc_cont=0.532
End processing Query U00096.3_2887_#_3088284_#_3089678_#_1_#_ID=1_2887;partial=00;start_type=ATG;rbs_motif=GGAGG;rbs_spacer=5-10bp;gc_cont=0.531
End processing Query U00096.3_2888_#_3089797_#_3090252_#_1_#_ID=1_2888;partial=00;start_type=ATG;rbs_motif=GGA/GAG/AGG;rbs_spacer=5-10bp;gc_cont=0.555
End processing Query U00096.3_2889_#_3090347_#_3091054_#_1_#_ID=1_2889;partial=00;start_type=ATG;rbs_motif=GGAG/GAGG;rbs_spacer=5-10bp;gc_cont=0.548
End processing Query U00096.3_2890_#_3091134_#_3091865_#_1_#_ID=1_2890;partial=00;start_type=ATG;rbs_motif=GGA/GAG/AGG;rbs_spacer=5-10bp;gc_cont=0.531
End processing Query U00096.3_2891_#_3091878_#_3092828_#_1_#_ID=1_2891;partial=00;start_type=ATG;rbs_motif=GGAG/GAGG;rbs_spacer=5-10bp;gc_cont=0.534
End processing Query U00096.3_2892_#_3092865_#_3093500_#_1_#_ID=1_2892;partial=00;start_type=GTG;rbs_motif=GGA/GAG/AGG;rbs_spacer=5-10bp;gc_cont=0.511
End processing Query U00096.3_2893_#_3093500_#_3093916_#_1_#_ID=1_2893;partial=00;start_type=ATG;rbs_motif=AGGA;rbs_spacer=5-10bp;gc_cont=0.530
End processing Query U00096.3_2894_#_3094100_#_3095080_#_-1_#_ID=1_2894;partial=00;start_type=ATG;rbs_motif=GGAG/GAGG;rbs_spacer=5-10bp;gc_cont=0.555
End processing Query U00096.3_2895_#_3095098_#_3095802_#_1_#_ID=1_2895;partial=00;start_type=ATG;rbs_motif=None;rbs_spacer=None;gc_cont=0.513
End processing Query U00096.3_2896_#_3095820_#_3096386_#_1_#_ID=1_2896;partial=00;start_type=ATG;rbs_motif=AGGA;rbs_spacer=5-10bp;gc_cont=0.513
End processing Query U00096.3_2897_#_3096383_#_3096673_#_1_#_ID=1_2897;partial=00;start_type=ATG;rbs_motif=GGA/GAG/AGG;rbs_spacer=5-10bp;gc_cont=0.478
End processing Query U00096.3_2898_#_3096681_#_3097274_#_1_#_ID=1_2898;partial=00;start_type=ATG;rbs_motif=GGA/GAG/AGG;rbs_spacer=5-10bp;gc_cont=0.556
End processing Query U00096.3_2899_#_3097267_#_3098403_#_1_#_ID=1_2899;partial=00;start_type=ATG;rbs_motif=GGA/GAG/AGG;rbs_spacer=11-12bp;gc_cont=0.532
End processing Query U00096.3_2900_#_3098558_#_3099565_#_-1_#_ID=1_2900;partial=00;start_type=GTG;rbs_motif=GGAG/GAGG;rbs_spacer=5-10bp;gc_cont=0.446
End processing Query U00096.3_2901_#_3099682_#_3100728_#_-1_#_ID=1_2901;partial=00;start_type=ATG;rbs_motif=GGAGG;rbs_spacer=5-10bp;gc_cont=0.525
End processing Query U00096.3_2902_#_3100904_#_3101623_#_-1_#_ID=1_2902;partial=00;start_type=ATG;rbs_motif=GGAG/GAGG;rbs_spacer=5-10bp;gc_cont=0.526
End processing Query U00096.3_2903_#_3101807_#_3102133_#_-1_#_ID=1_2903;partial=00;start_type=ATG;rbs_motif=GGAG/GAGG;rbs_spacer=5-10bp;gc_cont=0.483
End processing Query U00096.3_2904_#_3102133_#_3102852_#_-1_#_ID=1_2904;partial=00;start_type=ATG;rbs_motif=None;rbs_spacer=None;gc_cont=0.526
End processing Query U00096.3_2905_#_3103013_#_3104065_#_1_#_ID=1_2905;partial=00;start_type=ATG;rbs_motif=None;rbs_spacer=None;gc_cont=0.552
End processing Query U00096.3_2906_#_3104093_#_3104368_#_1_#_ID=1_2906;partial=00;start_type=ATG;rbs_motif=GGAG/GAGG;rbs_spacer=5-10bp;gc_cont=0.475
End processing Query U00096.3_2907_#_3104433_#_3105512_#_1_#_ID=1_2907;partial=00;start_type=ATG;rbs_motif=None;rbs_spacer=None;gc_cont=0.511
End processing Query U00096.3_2908_#_3105714_#_3106970_#_1_#_ID=1_2908;partial=00;start_type=ATG;rbs_motif=GGAG/GAGG;rbs_spacer=5-10bp;gc_cont=0.497
End processing Query U00096.3_2909_#_3107020_#_3109155_#_-1_#_ID=1_2909;partial=00;start_type=ATG;rbs_motif=None;rbs_spacer=None;gc_cont=0.522
End processing Query U00096.3_2910_#_3109553_#_3110260_#_1_#_ID=1_2910;partial=00;start_type=GTG;rbs_motif=AGGA;rbs_spacer=5-10bp;gc_cont=0.517
End processing Query U00096.3_2911_#_3110590_#_3111126_#_-1_#_ID=1_2911;partial=00;start_type=ATG;rbs_motif=GGAGG;rbs_spacer=5-10bp;gc_cont=0.531
End processing Query U00096.3_2912_#_3111128_#_3111970_#_-1_#_ID=1_2912;partial=00;start_type=ATG;rbs_motif=None;rbs_spacer=None;gc_cont=0.575
End processing Query U00096.3_2913_#_3112054_#_3112908_#_-1_#_ID=1_2913;partial=00;start_type=ATG;rbs_motif=GGA/GAG/AGG;rbs_spacer=11-12bp;gc_cont=0.511
End processing Query U00096.3_2914_#_3113067_#_3113477_#_-1_#_ID=1_2914;partial=00;start_type=ATG;rbs_motif=GGA/GAG/AGG;rbs_spacer=5-10bp;gc_cont=0.443
End processing Query U00096.3_2915_#_3113543_#_3114352_#_-1_#_ID=1_2915;partial=00;start_type=ATG;rbs_motif=None;rbs_spacer=None;gc_cont=0.520
End processing Query U00096.3_2916_#_3114550_#_3119112_#_-1_#_ID=1_2916;partial=00;start_type=ATG;rbs_motif=None;rbs_spacer=None;gc_cont=0.520
RPSBlast session 7 done...
RPSBlast session 7 start...
Calculating....
End processing Query U00096.3_2917_#_3119597_#_3121279_#_-1_#_ID=1_2917;partial=00;start_type=ATG;rbs_motif=GGA/GAG/AGG;rbs_spacer=5-10bp;gc_cont=0.534
End processing Query U00096.3_2918_#_3121634_#_3123805_#_-1_#_ID=1_2918;partial=00;start_type=ATG;rbs_motif=AGGAG;rbs_spacer=5-10bp;gc_cont=0.535
End processing Query U00096.3_2919_#_3123827_#_3124231_#_-1_#_ID=1_2919;partial=00;start_type=ATG;rbs_motif=AGGA;rbs_spacer=5-10bp;gc_cont=0.546
End processing Query U00096.3_2920_#_3124236_#_3125459_#_-1_#_ID=1_2920;partial=00;start_type=ATG;rbs_motif=AGGAG;rbs_spacer=5-10bp;gc_cont=0.556
End processing Query U00096.3_2921_#_3125470_#_3126522_#_-1_#_ID=1_2921;partial=00;start_type=ATG;rbs_motif=GGAG/GAGG;rbs_spacer=5-10bp;gc_cont=0.576
End processing Query U00096.3_2922_#_3126522_#_3128021_#_-1_#_ID=1_2922;partial=00;start_type=ATG;rbs_motif=None;rbs_spacer=None;gc_cont=0.567
End processing Query U00096.3_2923_#_3128272_#_3129036_#_1_#_ID=1_2923;partial=00;start_type=ATG;rbs_motif=GGAG/GAGG;rbs_spacer=5-10bp;gc_cont=0.550
End processing Query U00096.3_2924_#_3129043_#_3130179_#_-1_#_ID=1_2924;partial=00;start_type=ATG;rbs_motif=None;rbs_spacer=None;gc_cont=0.507
End processing Query U00096.3_2925_#_3130214_#_3131194_#_1_#_ID=1_2925;partial=00;start_type=ATG;rbs_motif=GGA/GAG/AGG;rbs_spacer=5-10bp;gc_cont=0.550
End processing Query U00096.3_2926_#_3131341_#_3132408_#_-1_#_ID=1_2926;partial=00;start_type=TTG;rbs_motif=GGA/GAG/AGG;rbs_spacer=5-10bp;gc_cont=0.528
End processing Query U00096.3_2927_#_3132454_#_3133212_#_-1_#_ID=1_2927;partial=00;start_type=ATG;rbs_motif=GGA/GAG/AGG;rbs_spacer=11-12bp;gc_cont=0.535
End processing Query U00096.3_2928_#_3133244_#_3133942_#_-1_#_ID=1_2928;partial=00;start_type=ATG;rbs_motif=None;rbs_spacer=None;gc_cont=0.504
End processing Query U00096.3_2929_#_3134131_#_3134823_#_1_#_ID=1_2929;partial=00;start_type=ATG;rbs_motif=AGGA;rbs_spacer=5-10bp;gc_cont=0.475
End processing Query U00096.3_2930_#_3134872_#_3136371_#_-1_#_ID=1_2930;partial=00;start_type=ATG;rbs_motif=None;rbs_spacer=None;gc_cont=0.519
End processing Query U00096.3_2931_#_3136663_#_3138522_#_-1_#_ID=1_2931;partial=00;start_type=ATG;rbs_motif=GGA/GAG/AGG;rbs_spacer=5-10bp;gc_cont=0.525
End processing Query U00096.3_2932_#_3138727_#_3139593_#_1_#_ID=1_2932;partial=00;start_type=ATG;rbs_motif=AGxAGG/AGGxGG;rbs_spacer=5-10bp;gc_cont=0.534
End processing Query U00096.3_2933_#_3139716_#_3139964_#_-1_#_ID=1_2933;partial=00;start_type=ATG;rbs_motif=GGAG/GAGG;rbs_spacer=5-10bp;gc_cont=0.514
End processing Query U00096.3_2934_#_3139977_#_3140318_#_-1_#_ID=1_2934;partial=00;start_type=ATG;rbs_motif=AGGAG;rbs_spacer=5-10bp;gc_cont=0.550
End processing Query U00096.3_2935_#_3140311_#_3140799_#_-1_#_ID=1_2935;partial=00;start_type=ATG;rbs_motif=GGAGG;rbs_spacer=5-10bp;gc_cont=0.544
End processing Query U00096.3_2936_#_3140792_#_3141286_#_-1_#_ID=1_2936;partial=00;start_type=ATG;rbs_motif=GGA/GAG/AGG;rbs_spacer=5-10bp;gc_cont=0.545
End processing Query U00096.3_2937_#_3141286_#_3142989_#_-1_#_ID=1_2937;partial=00;start_type=ATG;rbs_motif=GGAG/GAGG;rbs_spacer=5-10bp;gc_cont=0.530
End processing Query U00096.3_2938_#_3142986_#_3144164_#_-1_#_ID=1_2938;partial=00;start_type=ATG;rbs_motif=GGAGG;rbs_spacer=5-10bp;gc_cont=0.541
End processing Query U00096.3_2939_#_3144154_#_3145140_#_-1_#_ID=1_2939;partial=00;start_type=GTG;rbs_motif=GGAG/GAGG;rbs_spacer=5-10bp;gc_cont=0.546
End processing Query U00096.3_2940_#_3145143_#_3146261_#_-1_#_ID=1_2940;partial=00;start_type=ATG;rbs_motif=GGA/GAG/AGG;rbs_spacer=5-10bp;gc_cont=0.543
End processing Query U00096.3_2941_#_3146450_#_3146737_#_-1_#_ID=1_2941;partial=00;start_type=ATG;rbs_motif=GGAG/GAGG;rbs_spacer=5-10bp;gc_cont=0.462
End processing Query U00096.3_2942_#_3146856_#_3147266_#_-1_#_ID=1_2942;partial=00;start_type=ATG;rbs_motif=None;rbs_spacer=None;gc_cont=0.518
End processing Query U00096.3_2943_#_3147266_#_3147619_#_-1_#_ID=1_2943;partial=00;start_type=ATG;rbs_motif=GGA/GAG/AGG;rbs_spacer=3-4bp;gc_cont=0.528
End processing Query U00096.3_2944_#_3147597_#_3147740_#_-1_#_ID=1_2944;partial=00;start_type=ATG;rbs_motif=AGGAG;rbs_spacer=5-10bp;gc_cont=0.514
End processing Query U00096.3_2945_#_3147897_#_3148937_#_1_#_ID=1_2945;partial=00;start_type=ATG;rbs_motif=AGGAG;rbs_spacer=5-10bp;gc_cont=0.521
End processing Query U00096.3_2946_#_3148977_#_3149471_#_-1_#_ID=1_2946;partial=00;start_type=ATG;rbs_motif=GGA/GAG/AGG;rbs_spacer=5-10bp;gc_cont=0.475
End processing Query U00096.3_2947_#_3149662_#_3150546_#_1_#_ID=1_2947;partial=00;start_type=ATG;rbs_motif=GGAG/GAGG;rbs_spacer=5-10bp;gc_cont=0.544
End processing Query U00096.3_2948_#_3150818_#_3151243_#_-1_#_ID=1_2948;partial=00;start_type=ATG;rbs_motif=AGGA;rbs_spacer=5-10bp;gc_cont=0.505
End processing Query U00096.3_2949_#_3151250_#_3151984_#_-1_#_ID=1_2949;partial=00;start_type=GTG;rbs_motif=GGAG/GAGG;rbs_spacer=5-10bp;gc_cont=0.531
End processing Query U00096.3_2950_#_3152236_#_3153423_#_1_#_ID=1_2950;partial=00;start_type=ATG;rbs_motif=AGGA;rbs_spacer=5-10bp;gc_cont=0.510
RPSBlast session 8 done...
RPSBlast session 8 start...
Calculating....
End processing Query U00096.3_2951_#_3153563_#_3154222_#_1_#_ID=1_2951;partial=00;start_type=ATG;rbs_motif=AGGA;rbs_spacer=5-10bp;gc_cont=0.511
End processing Query U00096.3_2952_#_3154262_#_3155218_#_-1_#_ID=1_2952;partial=00;start_type=ATG;rbs_motif=GGA/GAG/AGG;rbs_spacer=5-10bp;gc_cont=0.505
End processing Query U00096.3_2953_#_3155355_#_3156518_#_1_#_ID=1_2953;partial=00;start_type=ATG;rbs_motif=GGAG/GAGG;rbs_spacer=5-10bp;gc_cont=0.546
End processing Query U00096.3_2954_#_3156623_#_3157450_#_1_#_ID=1_2954;partial=00;start_type=ATG;rbs_motif=AGGAG;rbs_spacer=5-10bp;gc_cont=0.513
End processing Query U00096.3_2955_#_3157650_#_3158576_#_1_#_ID=1_2955;partial=00;start_type=ATG;rbs_motif=GGAG/GAGG;rbs_spacer=5-10bp;gc_cont=0.474
End processing Query U00096.3_2956_#_3158627_#_3158884_#_1_#_ID=1_2956;partial=00;start_type=ATG;rbs_motif=GGA/GAG/AGG;rbs_spacer=5-10bp;gc_cont=0.484
End processing Query U00096.3_2957_#_3158927_#_3161146_#_-1_#_ID=1_2957;partial=00;start_type=ATG;rbs_motif=GGA/GAG/AGG;rbs_spacer=5-10bp;gc_cont=0.545
End processing Query U00096.3_2958_#_3161257_#_3162669_#_-1_#_ID=1_2958;partial=00;start_type=ATG;rbs_motif=GGAG/GAGG;rbs_spacer=5-10bp;gc_cont=0.563
End processing Query U00096.3_2959_#_3162744_#_3163481_#_-1_#_ID=1_2959;partial=00;start_type=ATG;rbs_motif=GGAG/GAGG;rbs_spacer=5-10bp;gc_cont=0.495
End processing Query U00096.3_2960_#_3163715_#_3165973_#_-1_#_ID=1_2960;partial=00;start_type=ATG;rbs_motif=AGGA;rbs_spacer=5-10bp;gc_cont=0.546
End processing Query U00096.3_2961_#_3166111_#_3167718_#_-1_#_ID=1_2961;partial=00;start_type=ATG;rbs_motif=AGGA;rbs_spacer=5-10bp;gc_cont=0.524
End processing Query U00096.3_2962_#_3167851_#_3168246_#_-1_#_ID=1_2962;partial=00;start_type=ATG;rbs_motif=AGGAG;rbs_spacer=5-10bp;gc_cont=0.419
End processing Query U00096.3_2963_#_3168248_#_3168544_#_-1_#_ID=1_2963;partial=00;start_type=ATG;rbs_motif=GGAGG;rbs_spacer=5-10bp;gc_cont=0.397
End processing Query U00096.3_2964_#_3168749_#_3169231_#_-1_#_ID=1_2964;partial=00;start_type=ATG;rbs_motif=GGAGG;rbs_spacer=3-4bp;gc_cont=0.528
End processing Query U00096.3_2965_#_3169284_#_3169676_#_-1_#_ID=1_2965;partial=00;start_type=ATG;rbs_motif=GGAG/GAGG;rbs_spacer=5-10bp;gc_cont=0.517
End processing Query U00096.3_2966_#_3169828_#_3170487_#_1_#_ID=1_2966;partial=00;start_type=ATG;rbs_motif=GGA/GAG/AGG;rbs_spacer=5-10bp;gc_cont=0.517
End processing Query U00096.3_2967_#_3170484_#_3171833_#_1_#_ID=1_2967;partial=00;start_type=ATG;rbs_motif=GGA/GAG/AGG;rbs_spacer=5-10bp;gc_cont=0.530
End processing Query U00096.3_2968_#_3172530_#_3173111_#_1_#_ID=1_2968;partial=00;start_type=ATG;rbs_motif=GGAG/GAGG;rbs_spacer=5-10bp;gc_cont=0.505
End processing Query U00096.3_2969_#_3173142_#_3173456_#_1_#_ID=1_2969;partial=00;start_type=ATG;rbs_motif=AGGAG;rbs_spacer=5-10bp;gc_cont=0.505
End processing Query U00096.3_2970_#_3173504_#_3175396_#_-1_#_ID=1_2970;partial=00;start_type=ATG;rbs_motif=None;rbs_spacer=None;gc_cont=0.537
End processing Query U00096.3_2971_#_3175425_#_3176006_#_-1_#_ID=1_2971;partial=00;start_type=ATG;rbs_motif=AGxAGG/AGGxGG;rbs_spacer=5-10bp;gc_cont=0.538
End processing Query U00096.3_2972_#_3176006_#_3176833_#_-1_#_ID=1_2972;partial=00;start_type=TTG;rbs_motif=AGGA;rbs_spacer=5-10bp;gc_cont=0.564
End processing Query U00096.3_2973_#_3176858_#_3177280_#_-1_#_ID=1_2973;partial=00;start_type=ATG;rbs_motif=GGA/GAG/AGG;rbs_spacer=5-10bp;gc_cont=0.482
End processing Query U00096.3_2974_#_3177281_#_3177910_#_-1_#_ID=1_2974;partial=00;start_type=ATG;rbs_motif=AGGA;rbs_spacer=5-10bp;gc_cont=0.508
End processing Query U00096.3_2975_#_3178115_#_3179596_#_1_#_ID=1_2975;partial=00;start_type=ATG;rbs_motif=AGGA;rbs_spacer=5-10bp;gc_cont=0.513
End processing Query U00096.3_2976_#_3179744_#_3180415_#_1_#_ID=1_2976;partial=00;start_type=ATG;rbs_motif=GGA/GAG/AGG;rbs_spacer=5-10bp;gc_cont=0.561
End processing Query U00096.3_2977_#_3180421_#_3181581_#_1_#_ID=1_2977;partial=00;start_type=ATG;rbs_motif=GGxGG;rbs_spacer=5-10bp;gc_cont=0.501
End processing Query U00096.3_2978_#_3181619_#_3182434_#_-1_#_ID=1_2978;partial=00;start_type=ATG;rbs_motif=GGAG/GAGG;rbs_spacer=5-10bp;gc_cont=0.533
End processing Query U00096.3_2979_#_3182550_#_3183323_#_1_#_ID=1_2979;partial=00;start_type=ATG;rbs_motif=AGGAG;rbs_spacer=5-10bp;gc_cont=0.531
End processing Query U00096.3_2980_#_3183381_#_3183551_#_-1_#_ID=1_2980;partial=00;start_type=ATG;rbs_motif=GGA/GAG/AGG;rbs_spacer=5-10bp;gc_cont=0.462
End processing Query U00096.3_2981_#_3183813_#_3184466_#_-1_#_ID=1_2981;partial=00;start_type=ATG;rbs_motif=GGAG/GAGG;rbs_spacer=5-10bp;gc_cont=0.518
End processing Query U00096.3_2982_#_3184840_#_3185130_#_1_#_ID=1_2982;partial=00;start_type=ATG;rbs_motif=GGA/GAG/AGG;rbs_spacer=5-10bp;gc_cont=0.495
End processing Query U00096.3_2983_#_3185414_#_3185965_#_1_#_ID=1_2983;partial=00;start_type=ATG;rbs_motif=AGGA;rbs_spacer=5-10bp;gc_cont=0.437
End processing Query U00096.3_2984_#_3186187_#_3186552_#_1_#_ID=1_2984;partial=00;start_type=ATG;rbs_motif=GGAG/GAGG;rbs_spacer=5-10bp;gc_cont=0.530
End processing Query U00096.3_2985_#_3186510_#_3187415_#_1_#_ID=1_2985;partial=00;start_type=GTG;rbs_motif=GGA/GAG/AGG;rbs_spacer=11-12bp;gc_cont=0.551
End processing Query U00096.3_2986_#_3187400_#_3189865_#_1_#_ID=1_2986;partial=00;start_type=ATG;rbs_motif=None;rbs_spacer=None;gc_cont=0.422
RPSBlast session 9 done...
RPSBlast session 9 start...
Calculating....
End processing Query U00096.3_2987_#_3189881_#_3190630_#_1_#_ID=1_2987;partial=00;start_type=ATG;rbs_motif=AGGA;rbs_spacer=5-10bp;gc_cont=0.387
End processing Query U00096.3_2988_#_3190632_#_3191696_#_1_#_ID=1_2988;partial=00;start_type=ATG;rbs_motif=GGA/GAG/AGG;rbs_spacer=5-10bp;gc_cont=0.399
End processing Query U00096.3_2989_#_3191739_#_3191939_#_-1_#_ID=1_2989;partial=00;start_type=ATG;rbs_motif=GGAGG;rbs_spacer=5-10bp;gc_cont=0.448
End processing Query U00096.3_2990_#_3192208_#_3192837_#_1_#_ID=1_2990;partial=00;start_type=ATG;rbs_motif=GGAG/GAGG;rbs_spacer=5-10bp;gc_cont=0.425
End processing Query U00096.3_2991_#_3192864_#_3194525_#_1_#_ID=1_2991;partial=00;start_type=ATG;rbs_motif=AGGA;rbs_spacer=5-10bp;gc_cont=0.504
End processing Query U00096.3_2992_#_3195320_#_3196753_#_-1_#_ID=1_2992;partial=00;start_type=ATG;rbs_motif=AGGAG;rbs_spacer=5-10bp;gc_cont=0.556
End processing Query U00096.3_2993_#_3196801_#_3199641_#_-1_#_ID=1_2993;partial=00;start_type=ATG;rbs_motif=AGGA/GGAG/GAGG;rbs_spacer=11-12bp;gc_cont=0.560
End processing Query U00096.3_2994_#_3199664_#_3200965_#_-1_#_ID=1_2994;partial=00;start_type=ATG;rbs_motif=None;rbs_spacer=None;gc_cont=0.555
End processing Query U00096.3_2995_#_3201207_#_3201827_#_1_#_ID=1_2995;partial=00;start_type=ATG;rbs_motif=None;rbs_spacer=None;gc_cont=0.527
End processing Query U00096.3_2996_#_3201891_#_3203129_#_1_#_ID=1_2996;partial=00;start_type=GTG;rbs_motif=GGA/GAG/AGG;rbs_spacer=5-10bp;gc_cont=0.563
End processing Query U00096.3_2997_#_3203310_#_3204131_#_-1_#_ID=1_2997;partial=00;start_type=ATG;rbs_motif=GGA/GAG/AGG;rbs_spacer=5-10bp;gc_cont=0.526
End processing Query U00096.3_2998_#_3204221_#_3204589_#_-1_#_ID=1_2998;partial=00;start_type=ATG;rbs_motif=AGxAGG/AGGxGG;rbs_spacer=5-10bp;gc_cont=0.512
End processing Query U00096.3_2999_#_3204694_#_3205311_#_1_#_ID=1_2999;partial=00;start_type=ATG;rbs_motif=GGA/GAG/AGG;rbs_spacer=5-10bp;gc_cont=0.539
End processing Query U00096.3_3000_#_3205324_#_3206256_#_-1_#_ID=1_3000;partial=00;start_type=ATG;rbs_motif=GGA/GAG/AGG;rbs_spacer=5-10bp;gc_cont=0.497
End processing Query U00096.3_3001_#_3206463_#_3207374_#_1_#_ID=1_3001;partial=00;start_type=ATG;rbs_motif=GGAG/GAGG;rbs_spacer=5-10bp;gc_cont=0.538
End processing Query U00096.3_3002_#_3207371_#_3207976_#_1_#_ID=1_3002;partial=00;start_type=ATG;rbs_motif=GGAG/GAGG;rbs_spacer=5-10bp;gc_cont=0.540
End processing Query U00096.3_3003_#_3208024_#_3209487_#_1_#_ID=1_3003;partial=00;start_type=ATG;rbs_motif=GGA/GAG/AGG;rbs_spacer=5-10bp;gc_cont=0.553
End processing Query U00096.3_3004_#_3209530_#_3210543_#_-1_#_ID=1_3004;partial=00;start_type=ATG;rbs_motif=AGGA/GGAG/GAGG;rbs_spacer=11-12bp;gc_cont=0.576
End processing Query U00096.3_3005_#_3210781_#_3210996_#_1_#_ID=1_3005;partial=00;start_type=ATG;rbs_motif=GGA/GAG/AGG;rbs_spacer=5-10bp;gc_cont=0.519
End processing Query U00096.3_3006_#_3211107_#_3212852_#_1_#_ID=1_3006;partial=00;start_type=ATG;rbs_motif=None;rbs_spacer=None;gc_cont=0.523
End processing Query U00096.3_3007_#_3213047_#_3214888_#_1_#_ID=1_3007;partial=00;start_type=ATG;rbs_motif=GGA/GAG/AGG;rbs_spacer=5-10bp;gc_cont=0.530
End processing Query U00096.3_3008_#_3214967_#_3215473_#_-1_#_ID=1_3008;partial=00;start_type=ATG;rbs_motif=AGGAG;rbs_spacer=5-10bp;gc_cont=0.535
End processing Query U00096.3_3009_#_3215727_#_3216491_#_-1_#_ID=1_3009;partial=00;start_type=ATG;rbs_motif=GGA/GAG/AGG;rbs_spacer=5-10bp;gc_cont=0.563
End processing Query U00096.3_3010_#_3216779_#_3217402_#_1_#_ID=1_3010;partial=00;start_type=ATG;rbs_motif=AGGAG;rbs_spacer=5-10bp;gc_cont=0.537
End processing Query U00096.3_3011_#_3217556_#_3219076_#_-1_#_ID=1_3011;partial=00;start_type=ATG;rbs_motif=AGGA;rbs_spacer=5-10bp;gc_cont=0.548
End processing Query U00096.3_3012_#_3219383_#_3220873_#_1_#_ID=1_3012;partial=00;start_type=ATG;rbs_motif=None;rbs_spacer=None;gc_cont=0.547
End processing Query U00096.3_3013_#_3220915_#_3221247_#_-1_#_ID=1_3013;partial=00;start_type=ATG;rbs_motif=GGAGG;rbs_spacer=5-10bp;gc_cont=0.529
End processing Query U00096.3_3014_#_3221466_#_3222449_#_1_#_ID=1_3014;partial=00;start_type=ATG;rbs_motif=GGA/GAG/AGG;rbs_spacer=5-10bp;gc_cont=0.517
End processing Query U00096.3_3015_#_3222633_#_3225725_#_1_#_ID=1_3015;partial=00;start_type=ATG;rbs_motif=GGAGG;rbs_spacer=3-4bp;gc_cont=0.545
RPSBlast session 10 done...
RPSBlast session 10 start...
Calculating....
End processing Query U00096.3_3016_#_3225722_#_3226171_#_1_#_ID=1_3016;partial=00;start_type=ATG;rbs_motif=GGA/GAG/AGG;rbs_spacer=5-10bp;gc_cont=0.456
End processing Query U00096.3_3017_#_3226234_#_3227667_#_1_#_ID=1_3017;partial=00;start_type=ATG;rbs_motif=GGAG/GAGG;rbs_spacer=5-10bp;gc_cont=0.497
End processing Query U00096.3_3018_#_3227801_#_3228871_#_1_#_ID=1_3018;partial=00;start_type=ATG;rbs_motif=GGA/GAG/AGG;rbs_spacer=5-10bp;gc_cont=0.519
End processing Query U00096.3_3019_#_3228888_#_3231239_#_1_#_ID=1_3019;partial=00;start_type=ATG;rbs_motif=AGGA;rbs_spacer=5-10bp;gc_cont=0.545
End processing Query U00096.3_3020_#_3231665_#_3233683_#_1_#_ID=1_3020;partial=00;start_type=ATG;rbs_motif=GGA/GAG/AGG;rbs_spacer=5-10bp;gc_cont=0.572
End processing Query U00096.3_3021_#_3233728_#_3234144_#_-1_#_ID=1_3021;partial=00;start_type=ATG;rbs_motif=GGA/GAG/AGG;rbs_spacer=5-10bp;gc_cont=0.484
End processing Query U00096.3_3022_#_3234141_#_3234455_#_-1_#_ID=1_3022;partial=00;start_type=ATG;rbs_motif=GGA/GAG/AGG;rbs_spacer=11-12bp;gc_cont=0.387
End processing Query U00096.3_3023_#_3234739_#_3235875_#_-1_#_ID=1_3023;partial=00;start_type=ATG;rbs_motif=AGGAGG;rbs_spacer=3-4bp;gc_cont=0.538
End processing Query U00096.3_3024_#_3235960_#_3236463_#_1_#_ID=1_3024;partial=00;start_type=ATG;rbs_motif=None;rbs_spacer=None;gc_cont=0.508
End processing Query U00096.3_3025_#_3236540_#_3237232_#_1_#_ID=1_3025;partial=00;start_type=ATG;rbs_motif=AGGA;rbs_spacer=5-10bp;gc_cont=0.515
End processing Query U00096.3_3026_#_3237311_#_3238297_#_1_#_ID=1_3026;partial=00;start_type=ATG;rbs_motif=AGGA/GGAG/GAGG;rbs_spacer=11-12bp;gc_cont=0.526
End processing Query U00096.3_3027_#_3238580_#_3239545_#_1_#_ID=1_3027;partial=00;start_type=ATG;rbs_motif=AGGA;rbs_spacer=5-10bp;gc_cont=0.540
End processing Query U00096.3_3028_#_3239944_#_3241188_#_1_#_ID=1_3028;partial=00;start_type=ATG;rbs_motif=AGGA;rbs_spacer=5-10bp;gc_cont=0.552
End processing Query U00096.3_3029_#_3241193_#_3241744_#_-1_#_ID=1_3029;partial=00;start_type=ATG;rbs_motif=AGGA;rbs_spacer=5-10bp;gc_cont=0.496
End processing Query U00096.3_3030_#_3241827_#_3243314_#_-1_#_ID=1_3030;partial=00;start_type=ATG;rbs_motif=GGA/GAG/AGG;rbs_spacer=11-12bp;gc_cont=0.537
End processing Query U00096.3_3031_#_3243329_#_3244741_#_-1_#_ID=1_3031;partial=00;start_type=ATG;rbs_motif=GGAG/GAGG;rbs_spacer=5-10bp;gc_cont=0.542
End processing Query U00096.3_3032_#_3245224_#_3246522_#_1_#_ID=1_3032;partial=00;start_type=ATG;rbs_motif=GGAG/GAGG;rbs_spacer=5-10bp;gc_cont=0.544
End processing Query U00096.3_3033_#_3246652_#_3247428_#_1_#_ID=1_3033;partial=00;start_type=ATG;rbs_motif=GGAG/GAGG;rbs_spacer=5-10bp;gc_cont=0.506
End processing Query U00096.3_3034_#_3247773_#_3248435_#_1_#_ID=1_3034;partial=00;start_type=ATG;rbs_motif=AGGA;rbs_spacer=5-10bp;gc_cont=0.507
End processing Query U00096.3_3035_#_3248439_#_3248822_#_1_#_ID=1_3035;partial=00;start_type=ATG;rbs_motif=GGxGG;rbs_spacer=5-10bp;gc_cont=0.539
End processing Query U00096.3_3036_#_3248969_#_3249337_#_1_#_ID=1_3036;partial=00;start_type=ATG;rbs_motif=GGA/GAG/AGG;rbs_spacer=5-10bp;gc_cont=0.488
End processing Query U00096.3_3037_#_3249375_#_3249680_#_1_#_ID=1_3037;partial=00;start_type=ATG;rbs_motif=GGAG/GAGG;rbs_spacer=5-10bp;gc_cont=0.549
End processing Query U00096.3_3038_#_3249683_#_3250087_#_1_#_ID=1_3038;partial=00;start_type=ATG;rbs_motif=None;rbs_spacer=None;gc_cont=0.528
End processing Query U00096.3_3039_#_3250077_#_3250376_#_1_#_ID=1_3039;partial=00;start_type=GTG;rbs_motif=AGGAG;rbs_spacer=5-10bp;gc_cont=0.567
End processing Query U00096.3_3040_#_3250472_#_3250954_#_1_#_ID=1_3040;partial=00;start_type=ATG;rbs_motif=None;rbs_spacer=None;gc_cont=0.491
End processing Query U00096.3_3041_#_3251024_#_3252010_#_1_#_ID=1_3041;partial=00;start_type=ATG;rbs_motif=GGAGG;rbs_spacer=5-10bp;gc_cont=0.512
End processing Query U00096.3_3042_#_3252304_#_3252669_#_1_#_ID=1_3042;partial=00;start_type=ATG;rbs_motif=GGAG/GAGG;rbs_spacer=5-10bp;gc_cont=0.519
End processing Query U00096.3_3043_#_3252911_#_3253267_#_1_#_ID=1_3043;partial=00;start_type=ATG;rbs_motif=GGA/GAG/AGG;rbs_spacer=5-10bp;gc_cont=0.448
End processing Query U00096.3_3044_#_3253318_#_3254214_#_-1_#_ID=1_3044;partial=00;start_type=ATG;rbs_motif=GGA/GAG/AGG;rbs_spacer=5-10bp;gc_cont=0.553
End processing Query U00096.3_3045_#_3254319_#_3255020_#_1_#_ID=1_3045;partial=00;start_type=ATG;rbs_motif=GGAG/GAGG;rbs_spacer=5-10bp;gc_cont=0.534
End processing Query U00096.3_3046_#_3255043_#_3255207_#_1_#_ID=1_3046;partial=00;start_type=ATG;rbs_motif=GGAG/GAGG;rbs_spacer=5-10bp;gc_cont=0.521
End processing Query U00096.3_3047_#_3255341_#_3256651_#_-1_#_ID=1_3047;partial=00;start_type=ATG;rbs_motif=GGA/GAG/AGG;rbs_spacer=5-10bp;gc_cont=0.568
End processing Query U00096.3_3048_#_3256679_#_3258010_#_-1_#_ID=1_3048;partial=00;start_type=ATG;rbs_motif=GGA/GAG/AGG;rbs_spacer=5-10bp;gc_cont=0.505
End processing Query U00096.3_3049_#_3258285_#_3259649_#_-1_#_ID=1_3049;partial=00;start_type=ATG;rbs_motif=GGAG/GAGG;rbs_spacer=5-10bp;gc_cont=0.533
End processing Query U00096.3_3050_#_3259721_#_3260110_#_-1_#_ID=1_3050;partial=00;start_type=ATG;rbs_motif=GGAGG;rbs_spacer=3-4bp;gc_cont=0.523
End processing Query U00096.3_3051_#_3260124_#_3262418_#_-1_#_ID=1_3051;partial=00;start_type=ATG;rbs_motif=GGA/GAG/AGG;rbs_spacer=5-10bp;gc_cont=0.531
RPSBlast session 11 done...
RPSBlast session 11 start...
Calculating....
End processing Query U00096.3_3052_#_3262452_#_3263660_#_-1_#_ID=1_3052;partial=00;start_type=ATG;rbs_motif=GGA/GAG/AGG;rbs_spacer=5-10bp;gc_cont=0.483
End processing Query U00096.3_3053_#_3263686_#_3265017_#_-1_#_ID=1_3053;partial=00;start_type=ATG;rbs_motif=GGAG/GAGG;rbs_spacer=5-10bp;gc_cont=0.498
End processing Query U00096.3_3054_#_3265039_#_3266028_#_-1_#_ID=1_3054;partial=00;start_type=ATG;rbs_motif=GGAG/GAGG;rbs_spacer=5-10bp;gc_cont=0.463
End processing Query U00096.3_3055_#_3266127_#_3267065_#_-1_#_ID=1_3055;partial=00;start_type=ATG;rbs_motif=GGA/GAG/AGG;rbs_spacer=5-10bp;gc_cont=0.421
End processing Query U00096.3_3056_#_3267854_#_3268393_#_1_#_ID=1_3056;partial=00;start_type=ATG;rbs_motif=GGA/GAG/AGG;rbs_spacer=5-10bp;gc_cont=0.356
End processing Query U00096.3_3057_#_3268415_#_3269602_#_1_#_ID=1_3057;partial=00;start_type=ATG;rbs_motif=AGGA;rbs_spacer=5-10bp;gc_cont=0.318
End processing Query U00096.3_3058_#_3270625_#_3271770_#_-1_#_ID=1_3058;partial=00;start_type=ATG;rbs_motif=GGA/GAG/AGG;rbs_spacer=5-10bp;gc_cont=0.537
End processing Query U00096.3_3059_#_3271867_#_3272757_#_-1_#_ID=1_3059;partial=00;start_type=ATG;rbs_motif=GGA/GAG/AGG;rbs_spacer=5-10bp;gc_cont=0.527
End processing Query U00096.3_3060_#_3272787_#_3273557_#_-1_#_ID=1_3060;partial=00;start_type=ATG;rbs_motif=GGA/GAG/AGG;rbs_spacer=5-10bp;gc_cont=0.532
End processing Query U00096.3_3061_#_3273573_#_3274907_#_-1_#_ID=1_3061;partial=00;start_type=ATG;rbs_motif=GGAG/GAGG;rbs_spacer=5-10bp;gc_cont=0.513
End processing Query U00096.3_3062_#_3275282_#_3276853_#_1_#_ID=1_3062;partial=00;start_type=ATG;rbs_motif=AGGA/GGAG/GAGG;rbs_spacer=11-12bp;gc_cont=0.529
End processing Query U00096.3_3063_#_3277002_#_3277337_#_1_#_ID=1_3063;partial=00;start_type=ATG;rbs_motif=AGGA;rbs_spacer=5-10bp;gc_cont=0.476
End processing Query U00096.3_3064_#_3277337_#_3277801_#_1_#_ID=1_3064;partial=00;start_type=ATG;rbs_motif=None;rbs_spacer=None;gc_cont=0.439
End processing Query U00096.3_3065_#_3277856_#_3278665_#_-1_#_ID=1_3065;partial=00;start_type=ATG;rbs_motif=AGGA;rbs_spacer=5-10bp;gc_cont=0.522
End processing Query U00096.3_3066_#_3278914_#_3280194_#_1_#_ID=1_3066;partial=00;start_type=GTG;rbs_motif=GGAG/GAGG;rbs_spacer=5-10bp;gc_cont=0.553
End processing Query U00096.3_3067_#_3280217_#_3280690_#_1_#_ID=1_3067;partial=00;start_type=ATG;rbs_motif=GGAG/GAGG;rbs_spacer=5-10bp;gc_cont=0.506
End processing Query U00096.3_3068_#_3280701_#_3281102_#_1_#_ID=1_3068;partial=00;start_type=ATG;rbs_motif=GGAG/GAGG;rbs_spacer=5-10bp;gc_cont=0.582
End processing Query U00096.3_3069_#_3281170_#_3281625_#_1_#_ID=1_3069;partial=00;start_type=ATG;rbs_motif=None;rbs_spacer=None;gc_cont=0.575
End processing Query U00096.3_3070_#_3281976_#_3283130_#_1_#_ID=1_3070;partial=00;start_type=ATG;rbs_motif=AGGA;rbs_spacer=5-10bp;gc_cont=0.566
End processing Query U00096.3_3071_#_3283143_#_3284003_#_1_#_ID=1_3071;partial=00;start_type=ATG;rbs_motif=GGAG/GAGG;rbs_spacer=5-10bp;gc_cont=0.520
End processing Query U00096.3_3072_#_3284170_#_3284646_#_1_#_ID=1_3072;partial=00;start_type=ATG;rbs_motif=GGAG/GAGG;rbs_spacer=5-10bp;gc_cont=0.440
End processing Query U00096.3_3073_#_3284685_#_3285488_#_1_#_ID=1_3073;partial=00;start_type=ATG;rbs_motif=GGAG/GAGG;rbs_spacer=5-10bp;gc_cont=0.514
End processing Query U00096.3_3074_#_3285478_#_3286269_#_1_#_ID=1_3074;partial=00;start_type=ATG;rbs_motif=GGAG/GAGG;rbs_spacer=5-10bp;gc_cont=0.494
End processing Query U00096.3_3075_#_3286324_#_3287025_#_1_#_ID=1_3075;partial=00;start_type=GTG;rbs_motif=AGGA;rbs_spacer=5-10bp;gc_cont=0.504
End processing Query U00096.3_3076_#_3287426_#_3288010_#_1_#_ID=1_3076;partial=00;start_type=ATG;rbs_motif=GGA/GAG/AGG;rbs_spacer=5-10bp;gc_cont=0.451
End processing Query U00096.3_3077_#_3288090_#_3288785_#_1_#_ID=1_3077;partial=00;start_type=ATG;rbs_motif=3Base/5BMM;rbs_spacer=13-15bp;gc_cont=0.443
End processing Query U00096.3_3078_#_3288814_#_3291330_#_1_#_ID=1_3078;partial=00;start_type=ATG;rbs_motif=GGA/GAG/AGG;rbs_spacer=5-10bp;gc_cont=0.476
End processing Query U00096.3_3079_#_3291341_#_3292432_#_1_#_ID=1_3079;partial=00;start_type=ATG;rbs_motif=AGGA;rbs_spacer=5-10bp;gc_cont=0.479
End processing Query U00096.3_3080_#_3292475_#_3293335_#_-1_#_ID=1_3080;partial=00;start_type=ATG;rbs_motif=GGA/GAG/AGG;rbs_spacer=5-10bp;gc_cont=0.545
End processing Query U00096.3_3081_#_3293400_#_3295436_#_1_#_ID=1_3081;partial=00;start_type=ATG;rbs_motif=GGA/GAG/AGG;rbs_spacer=5-10bp;gc_cont=0.541
End processing Query U00096.3_3082_#_3295394_#_3295789_#_1_#_ID=1_3082;partial=00;start_type=ATG;rbs_motif=AGGA;rbs_spacer=5-10bp;gc_cont=0.545
End processing Query U00096.3_3083_#_3295809_#_3296399_#_1_#_ID=1_3083;partial=00;start_type=GTG;rbs_motif=AGGA;rbs_spacer=5-10bp;gc_cont=0.503
End processing Query U00096.3_3084_#_3296409_#_3296984_#_1_#_ID=1_3084;partial=00;start_type=ATG;rbs_motif=AGGAG;rbs_spacer=5-10bp;gc_cont=0.543
RPSBlast session 12 done...
RPSBlast session 12 start...
Calculating....
End processing Query U00096.3_3085_#_3297098_#_3298138_#_-1_#_ID=1_3085;partial=00;start_type=ATG;rbs_motif=GGA/GAG/AGG;rbs_spacer=5-10bp;gc_cont=0.577
End processing Query U00096.3_3086_#_3298211_#_3298846_#_-1_#_ID=1_3086;partial=00;start_type=ATG;rbs_motif=AGGAG;rbs_spacer=5-10bp;gc_cont=0.550
End processing Query U00096.3_3087_#_3298974_#_3299492_#_1_#_ID=1_3087;partial=00;start_type=ATG;rbs_motif=GGAGG;rbs_spacer=3-4bp;gc_cont=0.503
End processing Query U00096.3_3088_#_3299472_#_3299915_#_-1_#_ID=1_3088;partial=00;start_type=ATG;rbs_motif=GGA/GAG/AGG;rbs_spacer=5-10bp;gc_cont=0.536
End processing Query U00096.3_3089_#_3299966_#_3300268_#_1_#_ID=1_3089;partial=00;start_type=ATG;rbs_motif=None;rbs_spacer=None;gc_cont=0.545
End processing Query U00096.3_3090_#_3300255_#_3300758_#_-1_#_ID=1_3090;partial=00;start_type=ATG;rbs_motif=GGA/GAG/AGG;rbs_spacer=5-10bp;gc_cont=0.560
End processing Query U00096.3_3091_#_3300752_#_3301276_#_-1_#_ID=1_3091;partial=00;start_type=GTG;rbs_motif=GGAG/GAGG;rbs_spacer=5-10bp;gc_cont=0.516
End processing Query U00096.3_3092_#_3301485_#_3302480_#_1_#_ID=1_3092;partial=00;start_type=ATG;rbs_motif=AGGA;rbs_spacer=5-10bp;gc_cont=0.568
End processing Query U00096.3_3093_#_3302489_#_3303367_#_1_#_ID=1_3093;partial=00;start_type=ATG;rbs_motif=GGA/GAG/AGG;rbs_spacer=5-10bp;gc_cont=0.560
End processing Query U00096.3_3094_#_3303448_#_3304455_#_1_#_ID=1_3094;partial=00;start_type=ATG;rbs_motif=GGA/GAG/AGG;rbs_spacer=5-10bp;gc_cont=0.559
End processing Query U00096.3_3095_#_3304573_#_3305817_#_-1_#_ID=1_3095;partial=00;start_type=ATG;rbs_motif=GGAG/GAGG;rbs_spacer=5-10bp;gc_cont=0.531
End processing Query U00096.3_3096_#_3305971_#_3307860_#_-1_#_ID=1_3096;partial=00;start_type=ATG;rbs_motif=AGGA/GGAG/GAGG;rbs_spacer=11-12bp;gc_cont=0.555
End processing Query U00096.3_3097_#_3308040_#_3308924_#_-1_#_ID=1_3097;partial=00;start_type=ATG;rbs_motif=GGAG/GAGG;rbs_spacer=5-10bp;gc_cont=0.482
End processing Query U00096.3_3098_#_3309033_#_3311168_#_-1_#_ID=1_3098;partial=00;start_type=TTG;rbs_motif=AGGA;rbs_spacer=5-10bp;gc_cont=0.541
End processing Query U00096.3_3099_#_3311415_#_3311684_#_-1_#_ID=1_3099;partial=00;start_type=ATG;rbs_motif=GGAG/GAGG;rbs_spacer=5-10bp;gc_cont=0.511
End processing Query U00096.3_3100_#_3311833_#_3312777_#_-1_#_ID=1_3100;partial=00;start_type=ATG;rbs_motif=AGGAGG;rbs_spacer=3-4bp;gc_cont=0.523
End processing Query U00096.3_3101_#_3312777_#_3313178_#_-1_#_ID=1_3101;partial=00;start_type=ATG;rbs_motif=AGGAG;rbs_spacer=5-10bp;gc_cont=0.527
End processing Query U00096.3_3102_#_3313342_#_3316014_#_-1_#_ID=1_3102;partial=00;start_type=ATG;rbs_motif=AGGA;rbs_spacer=5-10bp;gc_cont=0.535
End processing Query U00096.3_3103_#_3316039_#_3317526_#_-1_#_ID=1_3103;partial=00;start_type=ATG;rbs_motif=4Base/6BMM;rbs_spacer=13-15bp;gc_cont=0.528
End processing Query U00096.3_3104_#_3317554_#_3318006_#_-1_#_ID=1_3104;partial=00;start_type=TTG;rbs_motif=GGxGG;rbs_spacer=5-10bp;gc_cont=0.490
End processing Query U00096.3_3105_#_3318637_#_3319980_#_1_#_ID=1_3105;partial=00;start_type=ATG;rbs_motif=AGxAGG/AGGxGG;rbs_spacer=5-10bp;gc_cont=0.526
End processing Query U00096.3_3106_#_3319988_#_3321505_#_-1_#_ID=1_3106;partial=00;start_type=ATG;rbs_motif=GGAG/GAGG;rbs_spacer=5-10bp;gc_cont=0.436
End processing Query U00096.3_3107_#_3322173_#_3322505_#_-1_#_ID=1_3107;partial=00;start_type=ATG;rbs_motif=GGA/GAG/AGG;rbs_spacer=5-10bp;gc_cont=0.492
End processing Query U00096.3_3108_#_3322733_#_3324070_#_-1_#_ID=1_3108;partial=00;start_type=ATG;rbs_motif=AGGA/GGAG/GAGG;rbs_spacer=11-12bp;gc_cont=0.545
End processing Query U00096.3_3109_#_3324063_#_3324911_#_-1_#_ID=1_3109;partial=00;start_type=ATG;rbs_motif=GGA/GAG/AGG;rbs_spacer=5-10bp;gc_cont=0.516
End processing Query U00096.3_3110_#_3325001_#_3326944_#_-1_#_ID=1_3110;partial=00;start_type=TTG;rbs_motif=GGAG/GAGG;rbs_spacer=5-10bp;gc_cont=0.536
End processing Query U00096.3_3111_#_3327035_#_3327664_#_-1_#_ID=1_3111;partial=00;start_type=ATG;rbs_motif=GGA/GAG/AGG;rbs_spacer=5-10bp;gc_cont=0.502
End processing Query U00096.3_3112_#_3327790_#_3328083_#_1_#_ID=1_3112;partial=00;start_type=ATG;rbs_motif=None;rbs_spacer=None;gc_cont=0.486
End processing Query U00096.3_3113_#_3328239_#_3328715_#_-1_#_ID=1_3113;partial=00;start_type=ATG;rbs_motif=GGAG/GAGG;rbs_spacer=5-10bp;gc_cont=0.482
End processing Query U00096.3_3114_#_3328963_#_3330396_#_1_#_ID=1_3114;partial=00;start_type=ATG;rbs_motif=None;rbs_spacer=None;gc_cont=0.531
End processing Query U00096.3_3115_#_3330582_#_3331754_#_-1_#_ID=1_3115;partial=00;start_type=ATG;rbs_motif=GGAG/GAGG;rbs_spacer=5-10bp;gc_cont=0.531
RPSBlast session 13 done...
RPSBlast session 13 start...
Calculating....
End processing Query U00096.3_3116_#_3331770_#_3332735_#_-1_#_ID=1_3116;partial=00;start_type=ATG;rbs_motif=GGA/GAG/AGG;rbs_spacer=5-10bp;gc_cont=0.531
End processing Query U00096.3_3117_#_3332862_#_3333119_#_-1_#_ID=1_3117;partial=00;start_type=ATG;rbs_motif=AGGAG;rbs_spacer=5-10bp;gc_cont=0.500
End processing Query U00096.3_3118_#_3333140_#_3333451_#_-1_#_ID=1_3118;partial=00;start_type=ATG;rbs_motif=GGAG/GAGG;rbs_spacer=5-10bp;gc_cont=0.478
End processing Query U00096.3_3119_#_3333710_#_3334681_#_1_#_ID=1_3119;partial=00;start_type=ATG;rbs_motif=None;rbs_spacer=None;gc_cont=0.527
End processing Query U00096.3_3120_#_3334909_#_3335187_#_1_#_ID=1_3120;partial=00;start_type=ATG;rbs_motif=AGGAG;rbs_spacer=5-10bp;gc_cont=0.502
End processing Query U00096.3_3121_#_3335235_#_3336494_#_-1_#_ID=1_3121;partial=00;start_type=ATG;rbs_motif=GGA/GAG/AGG;rbs_spacer=5-10bp;gc_cont=0.533
End processing Query U00096.3_3122_#_3336549_#_3336818_#_-1_#_ID=1_3122;partial=00;start_type=ATG;rbs_motif=None;rbs_spacer=None;gc_cont=0.504
End processing Query U00096.3_3123_#_3336963_#_3337256_#_-1_#_ID=1_3123;partial=00;start_type=ATG;rbs_motif=GGA/GAG/AGG;rbs_spacer=5-10bp;gc_cont=0.531
End processing Query U00096.3_3124_#_3337256_#_3337891_#_-1_#_ID=1_3124;partial=00;start_type=ATG;rbs_motif=AGGAG;rbs_spacer=5-10bp;gc_cont=0.527
End processing Query U00096.3_3125_#_3337910_#_3338461_#_-1_#_ID=1_3125;partial=00;start_type=ATG;rbs_motif=GGA/GAG/AGG;rbs_spacer=5-10bp;gc_cont=0.500
End processing Query U00096.3_3126_#_3338466_#_3339248_#_-1_#_ID=1_3126;partial=00;start_type=ATG;rbs_motif=AGGA/GGAG/GAGG;rbs_spacer=11-12bp;gc_cont=0.553
End processing Query U00096.3_3127_#_3339256_#_3340065_#_-1_#_ID=1_3127;partial=00;start_type=ATG;rbs_motif=GGA/GAG/AGG;rbs_spacer=5-10bp;gc_cont=0.544
End processing Query U00096.3_3128_#_3340275_#_3341252_#_1_#_ID=1_3128;partial=00;start_type=ATG;rbs_motif=AGGA;rbs_spacer=5-10bp;gc_cont=0.520
End processing Query U00096.3_3129_#_3341266_#_3342252_#_1_#_ID=1_3129;partial=00;start_type=ATG;rbs_motif=GGA/GAG/AGG;rbs_spacer=5-10bp;gc_cont=0.519
End processing Query U00096.3_3130_#_3342273_#_3342839_#_1_#_ID=1_3130;partial=00;start_type=ATG;rbs_motif=AGGA;rbs_spacer=5-10bp;gc_cont=0.526
End processing Query U00096.3_3131_#_3342836_#_3343411_#_1_#_ID=1_3131;partial=00;start_type=ATG;rbs_motif=GGA/GAG/AGG;rbs_spacer=5-10bp;gc_cont=0.464
End processing Query U00096.3_3132_#_3343380_#_3343937_#_1_#_ID=1_3132;partial=00;start_type=ATG;rbs_motif=GGA/GAG/AGG;rbs_spacer=11-12bp;gc_cont=0.496
End processing Query U00096.3_3133_#_3343944_#_3344669_#_1_#_ID=1_3133;partial=00;start_type=ATG;rbs_motif=4Base/6BMM;rbs_spacer=13-15bp;gc_cont=0.544
End processing Query U00096.3_3134_#_3344717_#_3346150_#_1_#_ID=1_3134;partial=00;start_type=ATG;rbs_motif=4Base/6BMM;rbs_spacer=13-15bp;gc_cont=0.529
End processing Query U00096.3_3135_#_3346173_#_3346460_#_1_#_ID=1_3135;partial=00;start_type=ATG;rbs_motif=AGGA;rbs_spacer=5-10bp;gc_cont=0.448
End processing Query U00096.3_3136_#_3346578_#_3347069_#_1_#_ID=1_3136;partial=00;start_type=ATG;rbs_motif=GGA/GAG/AGG;rbs_spacer=5-10bp;gc_cont=0.522
End processing Query U00096.3_3137_#_3347115_#_3347969_#_1_#_ID=1_3137;partial=00;start_type=ATG;rbs_motif=AGGAG;rbs_spacer=5-10bp;gc_cont=0.522
End processing Query U00096.3_3138_#_3347966_#_3348238_#_1_#_ID=1_3138;partial=00;start_type=ATG;rbs_motif=GGA/GAG/AGG;rbs_spacer=11-12bp;gc_cont=0.491
End processing Query U00096.3_3139_#_3348452_#_3349084_#_1_#_ID=1_3139;partial=00;start_type=ATG;rbs_motif=AGGAG;rbs_spacer=5-10bp;gc_cont=0.512
End processing Query U00096.3_3140_#_3349081_#_3349809_#_-1_#_ID=1_3140;partial=00;start_type=ATG;rbs_motif=None;rbs_spacer=None;gc_cont=0.521
End processing Query U00096.3_3141_#_3349806_#_3350459_#_-1_#_ID=1_3141;partial=00;start_type=ATG;rbs_motif=AGGA;rbs_spacer=5-10bp;gc_cont=0.529
End processing Query U00096.3_3142_#_3350689_#_3353025_#_-1_#_ID=1_3142;partial=00;start_type=ATG;rbs_motif=AGGA;rbs_spacer=5-10bp;gc_cont=0.506
End processing Query U00096.3_3143_#_3353121_#_3354050_#_-1_#_ID=1_3143;partial=00;start_type=ATG;rbs_motif=None;rbs_spacer=None;gc_cont=0.559
End processing Query U00096.3_3144_#_3354632_#_3359185_#_1_#_ID=1_3144;partial=00;start_type=ATG;rbs_motif=GGAG/GAGG;rbs_spacer=5-10bp;gc_cont=0.570
End processing Query U00096.3_3145_#_3359198_#_3360616_#_1_#_ID=1_3145;partial=00;start_type=ATG;rbs_motif=GGA/GAG/AGG;rbs_spacer=5-10bp;gc_cont=0.562
End processing Query U00096.3_3146_#_3361176_#_3361940_#_1_#_ID=1_3146;partial=00;start_type=ATG;rbs_motif=AGGA;rbs_spacer=5-10bp;gc_cont=0.454
End processing Query U00096.3_3147_#_3362002_#_3362106_#_1_#_ID=1_3147;partial=00;start_type=ATG;rbs_motif=GGA/GAG/AGG;rbs_spacer=5-10bp;gc_cont=0.314
End processing Query U00096.3_3148_#_3362112_#_3362786_#_1_#_ID=1_3148;partial=00;start_type=ATG;rbs_motif=AGGAG/GGAGG;rbs_spacer=11-12bp;gc_cont=0.416
End processing Query U00096.3_3149_#_3362807_#_3365188_#_1_#_ID=1_3149;partial=00;start_type=ATG;rbs_motif=GGAG/GAGG;rbs_spacer=5-10bp;gc_cont=0.455
RPSBlast session 14 done...
RPSBlast session 14 start...
Calculating....
End processing Query U00096.3_3150_#_3365185_#_3365664_#_1_#_ID=1_3150;partial=00;start_type=ATG;rbs_motif=AGGAG;rbs_spacer=5-10bp;gc_cont=0.454
End processing Query U00096.3_3151_#_3365702_#_3366682_#_-1_#_ID=1_3151;partial=00;start_type=ATG;rbs_motif=GGA/GAG/AGG;rbs_spacer=5-10bp;gc_cont=0.550
End processing Query U00096.3_3152_#_3366684_#_3366929_#_1_#_ID=1_3152;partial=00;start_type=ATG;rbs_motif=None;rbs_spacer=None;gc_cont=0.447
End processing Query U00096.3_3153_#_3366926_#_3367642_#_1_#_ID=1_3153;partial=00;start_type=ATG;rbs_motif=GGAGG;rbs_spacer=3-4bp;gc_cont=0.435
End processing Query U00096.3_3154_#_3367827_#_3368954_#_1_#_ID=1_3154;partial=00;start_type=ATG;rbs_motif=GGA/GAG/AGG;rbs_spacer=5-10bp;gc_cont=0.494
End processing Query U00096.3_3155_#_3369014_#_3369478_#_-1_#_ID=1_3155;partial=00;start_type=ATG;rbs_motif=GGAG/GAGG;rbs_spacer=5-10bp;gc_cont=0.471
End processing Query U00096.3_3156_#_3369475_#_3370350_#_-1_#_ID=1_3156;partial=00;start_type=ATG;rbs_motif=AGxAGG/AGGxGG;rbs_spacer=3-4bp;gc_cont=0.586
End processing Query U00096.3_3157_#_3370347_#_3371036_#_-1_#_ID=1_3157;partial=00;start_type=ATG;rbs_motif=GGA/GAG/AGG;rbs_spacer=5-10bp;gc_cont=0.584
End processing Query U00096.3_3158_#_3371084_#_3372574_#_-1_#_ID=1_3158;partial=00;start_type=ATG;rbs_motif=GGAG/GAGG;rbs_spacer=5-10bp;gc_cont=0.551
End processing Query U00096.3_3159_#_3372683_#_3373576_#_-1_#_ID=1_3159;partial=00;start_type=ATG;rbs_motif=GGAG/GAGG;rbs_spacer=5-10bp;gc_cont=0.518
End processing Query U00096.3_3160_#_3373698_#_3374489_#_-1_#_ID=1_3160;partial=00;start_type=ATG;rbs_motif=None;rbs_spacer=None;gc_cont=0.524
End processing Query U00096.3_3161_#_3374869_#_3376236_#_1_#_ID=1_3161;partial=00;start_type=ATG;rbs_motif=GGAG/GAGG;rbs_spacer=5-10bp;gc_cont=0.510
End processing Query U00096.3_3162_#_3376279_#_3376776_#_-1_#_ID=1_3162;partial=00;start_type=ATG;rbs_motif=GGAG/GAGG;rbs_spacer=5-10bp;gc_cont=0.552
End processing Query U00096.3_3163_#_3376782_#_3377420_#_-1_#_ID=1_3163;partial=00;start_type=ATG;rbs_motif=GGAGG;rbs_spacer=5-10bp;gc_cont=0.537
End processing Query U00096.3_3164_#_3377815_#_3378207_#_-1_#_ID=1_3164;partial=00;start_type=ATG;rbs_motif=GGA/GAG/AGG;rbs_spacer=5-10bp;gc_cont=0.524
End processing Query U00096.3_3165_#_3378223_#_3378651_#_-1_#_ID=1_3165;partial=00;start_type=ATG;rbs_motif=None;rbs_spacer=None;gc_cont=0.503
End processing Query U00096.3_3166_#_3378870_#_3379997_#_-1_#_ID=1_3166;partial=00;start_type=ATG;rbs_motif=4Base/6BMM;rbs_spacer=13-15bp;gc_cont=0.518
End processing Query U00096.3_3167_#_3380191_#_3380589_#_1_#_ID=1_3167;partial=00;start_type=ATG;rbs_motif=GGAG/GAGG;rbs_spacer=5-10bp;gc_cont=0.544
End processing Query U00096.3_3168_#_3380743_#_3382110_#_1_#_ID=1_3168;partial=00;start_type=ATG;rbs_motif=AGxAGG/AGGxGG;rbs_spacer=3-4bp;gc_cont=0.520
End processing Query U00096.3_3169_#_3382200_#_3383267_#_1_#_ID=1_3169;partial=00;start_type=ATG;rbs_motif=None;rbs_spacer=None;gc_cont=0.527
End processing Query U00096.3_3170_#_3383330_#_3384268_#_-1_#_ID=1_3170;partial=00;start_type=ATG;rbs_motif=AGGAG;rbs_spacer=5-10bp;gc_cont=0.524
End processing Query U00096.3_3171_#_3384703_#_3385173_#_1_#_ID=1_3171;partial=00;start_type=ATG;rbs_motif=None;rbs_spacer=None;gc_cont=0.486
End processing Query U00096.3_3172_#_3385538_#_3385801_#_1_#_ID=1_3172;partial=00;start_type=ATG;rbs_motif=GGAG/GAGG;rbs_spacer=5-10bp;gc_cont=0.485
End processing Query U00096.3_3173_#_3385857_#_3386129_#_-1_#_ID=1_3173;partial=00;start_type=ATG;rbs_motif=GGxGG;rbs_spacer=5-10bp;gc_cont=0.432
End processing Query U00096.3_3174_#_3386221_#_3388188_#_-1_#_ID=1_3174;partial=00;start_type=ATG;rbs_motif=3Base/5BMM;rbs_spacer=13-15bp;gc_cont=0.526
End processing Query U00096.3_3175_#_3388194_#_3389126_#_-1_#_ID=1_3175;partial=00;start_type=GTG;rbs_motif=GGAG/GAGG;rbs_spacer=5-10bp;gc_cont=0.535
End processing Query U00096.3_3176_#_3389134_#_3389337_#_-1_#_ID=1_3176;partial=00;start_type=ATG;rbs_motif=GGA/GAG/AGG;rbs_spacer=5-10bp;gc_cont=0.480
End processing Query U00096.3_3177_#_3389520_#_3390449_#_1_#_ID=1_3177;partial=00;start_type=ATG;rbs_motif=GGA/GAG/AGG;rbs_spacer=5-10bp;gc_cont=0.529
End processing Query U00096.3_3178_#_3390583_#_3392028_#_-1_#_ID=1_3178;partial=00;start_type=ATG;rbs_motif=GGA/GAG/AGG;rbs_spacer=11-12bp;gc_cont=0.546
End processing Query U00096.3_3179_#_3392458_#_3396258_#_-1_#_ID=1_3179;partial=00;start_type=GTG;rbs_motif=AGGAG;rbs_spacer=5-10bp;gc_cont=0.534
End processing Query U00096.3_3180_#_3396326_#_3397795_#_-1_#_ID=1_3180;partial=00;start_type=ATG;rbs_motif=GGA/GAG/AGG;rbs_spacer=5-10bp;gc_cont=0.521
End processing Query U00096.3_3181_#_3397785_#_3398378_#_-1_#_ID=1_3181;partial=00;start_type=ATG;rbs_motif=GGA/GAG/AGG;rbs_spacer=5-10bp;gc_cont=0.535
End processing Query U00096.3_3182_#_3398387_#_3398875_#_-1_#_ID=1_3182;partial=00;start_type=GTG;rbs_motif=GGAGG;rbs_spacer=5-10bp;gc_cont=0.513
End processing Query U00096.3_3183_#_3398875_#_3399978_#_-1_#_ID=1_3183;partial=00;start_type=ATG;rbs_motif=3Base/5BMM;rbs_spacer=13-15bp;gc_cont=0.560
RPSBlast session 15 done...
RPSBlast session 15 start...
Calculating....
End processing Query U00096.3_3184_#_3400044_#_3401087_#_-1_#_ID=1_3184;partial=00;start_type=ATG;rbs_motif=AGGA/GGAG/GAGG;rbs_spacer=11-12bp;gc_cont=0.543
End processing Query U00096.3_3185_#_3401392_#_3403332_#_-1_#_ID=1_3185;partial=00;start_type=ATG;rbs_motif=AGGA/GGAG/GAGG;rbs_spacer=11-12bp;gc_cont=0.508
End processing Query U00096.3_3186_#_3403484_#_3404458_#_1_#_ID=1_3186;partial=00;start_type=ATG;rbs_motif=GGAG/GAGG;rbs_spacer=5-10bp;gc_cont=0.554
End processing Query U00096.3_3187_#_3405436_#_3405906_#_1_#_ID=1_3187;partial=00;start_type=ATG;rbs_motif=GGA/GAG/AGG;rbs_spacer=5-10bp;gc_cont=0.518
End processing Query U00096.3_3188_#_3405917_#_3407266_#_1_#_ID=1_3188;partial=00;start_type=ATG;rbs_motif=GGAG/GAGG;rbs_spacer=5-10bp;gc_cont=0.534
End processing Query U00096.3_3189_#_3407375_#_3407617_#_1_#_ID=1_3189;partial=00;start_type=ATG;rbs_motif=GGA/GAG/AGG;rbs_spacer=5-10bp;gc_cont=0.543
End processing Query U00096.3_3190_#_3407607_#_3409058_#_1_#_ID=1_3190;partial=00;start_type=ATG;rbs_motif=GGAGG;rbs_spacer=5-10bp;gc_cont=0.543
End processing Query U00096.3_3191_#_3409070_#_3409951_#_1_#_ID=1_3191;partial=00;start_type=ATG;rbs_motif=GGA/GAG/AGG;rbs_spacer=5-10bp;gc_cont=0.543
End processing Query U00096.3_3192_#_3410280_#_3411245_#_1_#_ID=1_3192;partial=00;start_type=ATG;rbs_motif=None;rbs_spacer=None;gc_cont=0.523
End processing Query U00096.3_3193_#_3411271_#_3411567_#_1_#_ID=1_3193;partial=00;start_type=ATG;rbs_motif=GGA/GAG/AGG;rbs_spacer=11-12bp;gc_cont=0.471
End processing Query U00096.3_3194_#_3411653_#_3412537_#_1_#_ID=1_3194;partial=00;start_type=ATG;rbs_motif=GGAG/GAGG;rbs_spacer=5-10bp;gc_cont=0.475
End processing Query U00096.3_3195_#_3412621_#_3412800_#_1_#_ID=1_3195;partial=00;start_type=ATG;rbs_motif=GGA/GAG/AGG;rbs_spacer=5-10bp;gc_cont=0.406
End processing Query U00096.3_3196_#_3412803_#_3413465_#_-1_#_ID=1_3196;partial=00;start_type=ATG;rbs_motif=None;rbs_spacer=None;gc_cont=0.442
End processing Query U00096.3_3197_#_3413864_#_3415021_#_1_#_ID=1_3197;partial=00;start_type=ATG;rbs_motif=GGAG/GAGG;rbs_spacer=5-10bp;gc_cont=0.521
End processing Query U00096.3_3198_#_3415033_#_3418137_#_1_#_ID=1_3198;partial=00;start_type=ATG;rbs_motif=GGA/GAG/AGG;rbs_spacer=5-10bp;gc_cont=0.515
End processing Query U00096.3_3199_#_3417994_#_3418284_#_-1_#_ID=1_3199;partial=00;start_type=ATG;rbs_motif=GGA/GAG/AGG;rbs_spacer=5-10bp;gc_cont=0.426
End processing Query U00096.3_3200_#_3418390_#_3418611_#_1_#_ID=1_3200;partial=00;start_type=ATG;rbs_motif=GGAG/GAGG;rbs_spacer=5-10bp;gc_cont=0.541
End processing Query U00096.3_3201_#_3419042_#_3419278_#_1_#_ID=1_3201;partial=00;start_type=ATG;rbs_motif=AGGA;rbs_spacer=5-10bp;gc_cont=0.498
End processing Query U00096.3_3202_#_3419275_#_3420066_#_1_#_ID=1_3202;partial=00;start_type=GTG;rbs_motif=None;rbs_spacer=None;gc_cont=0.497
End processing Query U00096.3_3203_#_3420134_#_3421315_#_1_#_ID=1_3203;partial=00;start_type=ATG;rbs_motif=GGAG/GAGG;rbs_spacer=5-10bp;gc_cont=0.503
End processing Query U00096.3_3204_#_3421325_#_3422428_#_1_#_ID=1_3204;partial=00;start_type=ATG;rbs_motif=AGGAG;rbs_spacer=5-10bp;gc_cont=0.524
End processing Query U00096.3_3205_#_3422436_#_3423194_#_1_#_ID=1_3205;partial=00;start_type=ATG;rbs_motif=GGAG/GAGG;rbs_spacer=5-10bp;gc_cont=0.470
End processing Query U00096.3_3206_#_3423503_#_3423826_#_1_#_ID=1_3206;partial=00;start_type=ATG;rbs_motif=GGA/GAG/AGG;rbs_spacer=5-10bp;gc_cont=0.543
End processing Query U00096.3_3207_#_3427321_#_3427575_#_-1_#_ID=1_3207;partial=00;start_type=ATG;rbs_motif=GGAGG;rbs_spacer=5-10bp;gc_cont=0.537
End processing Query U00096.3_3208_#_3429236_#_3429790_#_1_#_ID=1_3208;partial=00;start_type=ATG;rbs_motif=GGAG/GAGG;rbs_spacer=5-10bp;gc_cont=0.488
End processing Query U00096.3_3209_#_3429766_#_3430023_#_-1_#_ID=1_3209;partial=00;start_type=GTG;rbs_motif=AGGAGG;rbs_spacer=5-10bp;gc_cont=0.492
End processing Query U00096.3_3210_#_3430020_#_3430838_#_-1_#_ID=1_3210;partial=00;start_type=ATG;rbs_motif=GGA/GAG/AGG;rbs_spacer=5-10bp;gc_cont=0.487
End processing Query U00096.3_3211_#_3430843_#_3431415_#_-1_#_ID=1_3211;partial=00;start_type=GTG;rbs_motif=GGA/GAG/AGG;rbs_spacer=5-10bp;gc_cont=0.520
End processing Query U00096.3_3212_#_3431420_#_3431962_#_-1_#_ID=1_3212;partial=00;start_type=ATG;rbs_motif=None;rbs_spacer=None;gc_cont=0.497
End processing Query U00096.3_3213_#_3431991_#_3432464_#_-1_#_ID=1_3213;partial=00;start_type=ATG;rbs_motif=AGGAG;rbs_spacer=5-10bp;gc_cont=0.464
End processing Query U00096.3_3214_#_3432436_#_3433560_#_-1_#_ID=1_3214;partial=00;start_type=ATG;rbs_motif=GGAG/GAGG;rbs_spacer=5-10bp;gc_cont=0.511
End processing Query U00096.3_3215_#_3433690_#_3434199_#_1_#_ID=1_3215;partial=00;start_type=ATG;rbs_motif=GGA/GAG/AGG;rbs_spacer=5-10bp;gc_cont=0.463
End processing Query U00096.3_3216_#_3434214_#_3435161_#_1_#_ID=1_3216;partial=00;start_type=GTG;rbs_motif=AGGA/GGAG/GAGG;rbs_spacer=11-12bp;gc_cont=0.528
End processing Query U00096.3_3217_#_3435207_#_3436496_#_1_#_ID=1_3217;partial=00;start_type=ATG;rbs_motif=None;rbs_spacer=None;gc_cont=0.497
End processing Query U00096.3_3218_#_3436518_#_3437894_#_1_#_ID=1_3218;partial=00;start_type=ATG;rbs_motif=None;rbs_spacer=None;gc_cont=0.501
End processing Query U00096.3_3219_#_3438024_#_3438434_#_1_#_ID=1_3219;partial=00;start_type=ATG;rbs_motif=GGAG/GAGG;rbs_spacer=5-10bp;gc_cont=0.450
End processing Query U00096.3_3220_#_3438431_#_3438649_#_-1_#_ID=1_3220;partial=00;start_type=ATG;rbs_motif=GGAG/GAGG;rbs_spacer=5-10bp;gc_cont=0.429
End processing Query U00096.3_3221_#_3438705_#_3439130_#_-1_#_ID=1_3221;partial=00;start_type=ATG;rbs_motif=GGAG/GAGG;rbs_spacer=5-10bp;gc_cont=0.488
RPSBlast session 16 done...
RPSBlast session 16 start...
Calculating....
End processing Query U00096.3_3222_#_3439141_#_3439509_#_-1_#_ID=1_3222;partial=00;start_type=ATG;rbs_motif=GGAG/GAGG;rbs_spacer=5-10bp;gc_cont=0.477
End processing Query U00096.3_3223_#_3439616_#_3439999_#_-1_#_ID=1_3223;partial=00;start_type=ATG;rbs_motif=AGGA;rbs_spacer=5-10bp;gc_cont=0.536
End processing Query U00096.3_3224_#_3440040_#_3441029_#_-1_#_ID=1_3224;partial=00;start_type=ATG;rbs_motif=GGAG/GAGG;rbs_spacer=5-10bp;gc_cont=0.522
End processing Query U00096.3_3225_#_3441055_#_3441675_#_-1_#_ID=1_3225;partial=00;start_type=ATG;rbs_motif=GGAG/GAGG;rbs_spacer=5-10bp;gc_cont=0.506
End processing Query U00096.3_3226_#_3441709_#_3442098_#_-1_#_ID=1_3226;partial=00;start_type=ATG;rbs_motif=None;rbs_spacer=None;gc_cont=0.515
End processing Query U00096.3_3227_#_3442115_#_3442471_#_-1_#_ID=1_3227;partial=00;start_type=GTG;rbs_motif=AGGAG;rbs_spacer=5-10bp;gc_cont=0.518
End processing Query U00096.3_3228_#_3442618_#_3442734_#_-1_#_ID=1_3228;partial=00;start_type=ATG;rbs_motif=GGAG/GAGG;rbs_spacer=5-10bp;gc_cont=0.462
End processing Query U00096.3_3229_#_3442766_#_3444097_#_-1_#_ID=1_3229;partial=00;start_type=ATG;rbs_motif=AGGA/GGAG/GAGG;rbs_spacer=11-12bp;gc_cont=0.497
End processing Query U00096.3_3230_#_3444105_#_3444539_#_-1_#_ID=1_3230;partial=00;start_type=ATG;rbs_motif=AGGAG;rbs_spacer=5-10bp;gc_cont=0.538
End processing Query U00096.3_3231_#_3444543_#_3444722_#_-1_#_ID=1_3231;partial=00;start_type=ATG;rbs_motif=GGA/GAG/AGG;rbs_spacer=5-10bp;gc_cont=0.506
End processing Query U00096.3_3232_#_3444726_#_3445229_#_-1_#_ID=1_3232;partial=00;start_type=ATG;rbs_motif=GGAG/GAGG;rbs_spacer=5-10bp;gc_cont=0.504
End processing Query U00096.3_3233_#_3445244_#_3445597_#_-1_#_ID=1_3233;partial=00;start_type=ATG;rbs_motif=GGA/GAG/AGG;rbs_spacer=5-10bp;gc_cont=0.537
End processing Query U00096.3_3234_#_3445607_#_3446140_#_-1_#_ID=1_3234;partial=00;start_type=ATG;rbs_motif=GGAGG;rbs_spacer=5-10bp;gc_cont=0.519
End processing Query U00096.3_3235_#_3446153_#_3446545_#_-1_#_ID=1_3235;partial=00;start_type=ATG;rbs_motif=GGAG/GAGG;rbs_spacer=5-10bp;gc_cont=0.499
End processing Query U00096.3_3236_#_3446579_#_3446884_#_-1_#_ID=1_3236;partial=00;start_type=ATG;rbs_motif=GGA/GAG/AGG;rbs_spacer=5-10bp;gc_cont=0.520
End processing Query U00096.3_3237_#_3446899_#_3447438_#_-1_#_ID=1_3237;partial=00;start_type=ATG;rbs_motif=GGAG/GAGG;rbs_spacer=5-10bp;gc_cont=0.500
End processing Query U00096.3_3238_#_3447453_#_3447767_#_-1_#_ID=1_3238;partial=00;start_type=ATG;rbs_motif=AGGAG;rbs_spacer=5-10bp;gc_cont=0.460
End processing Query U00096.3_3239_#_3447778_#_3448149_#_-1_#_ID=1_3239;partial=00;start_type=ATG;rbs_motif=GGAG/GAGG;rbs_spacer=5-10bp;gc_cont=0.508
End processing Query U00096.3_3240_#_3448314_#_3448568_#_-1_#_ID=1_3240;partial=00;start_type=ATG;rbs_motif=AGxAGG/AGGxGG;rbs_spacer=5-10bp;gc_cont=0.471
RPSBlast session 17 done...
All done, 540 queries processed

